[    0.000000] Initializing cgroup subsys cpuset
[    0.000000] Initializing cgroup subsys cpu
[    0.000000] Initializing cgroup subsys cpuacct
[    0.000000] Linux version 4.4.0-210-generic (buildd@lgw01-amd64-009) (gcc version 5.4.0 20160609 (Ubuntu 5.4.0-6ubuntu1~16.04.12) ) #242-Ubuntu SMP Fri Apr 16 09:57:56 UTC 2021 (Ubuntu 4.4.0-210.242-generic 4.4.262)
[    0.000000] Command line: BOOT_IMAGE=/boot/vmlinuz-4.4.0-210-generic root=LABEL=cloudimg-rootfs ro console=tty1 console=ttyS0
[    0.000000] KERNEL supported cpus:
[    0.000000]   Intel GenuineIntel
[    0.000000]   AMD AuthenticAMD
[    0.000000]   Centaur CentaurHauls
[    0.000000] [Firmware Bug]: TSC doesn't count with P0 frequency!
[    0.000000] x86/fpu: xstate_offset[2]:  576, xstate_sizes[2]:  256
[    0.000000] x86/fpu: Supporting XSAVE feature 0x01: 'x87 floating point registers'
[    0.000000] x86/fpu: Supporting XSAVE feature 0x02: 'SSE registers'
[    0.000000] x86/fpu: Supporting XSAVE feature 0x04: 'AVX registers'
[    0.000000] x86/fpu: Enabled xstate features 0x7, context size is 832 bytes, using 'standard' format.
[    0.000000] e820: BIOS-provided physical RAM map:
[    0.000000] BIOS-e820: [mem 0x0000000000000000-0x000000000009fbff] usable
[    0.000000] BIOS-e820: [mem 0x000000000009fc00-0x000000000009ffff] reserved
[    0.000000] BIOS-e820: [mem 0x00000000000f0000-0x00000000000fffff] reserved
[    0.000000] BIOS-e820: [mem 0x0000000000100000-0x000000003ffeffff] usable
[    0.000000] BIOS-e820: [mem 0x000000003fff0000-0x000000003fffffff] ACPI data
[    0.000000] BIOS-e820: [mem 0x00000000fec00000-0x00000000fec00fff] reserved
[    0.000000] BIOS-e820: [mem 0x00000000fee00000-0x00000000fee00fff] reserved
[    0.000000] BIOS-e820: [mem 0x00000000fffc0000-0x00000000ffffffff] reserved
[    0.000000] NX (Execute Disable) protection: active
[    0.000000] SMBIOS 2.5 present.
[    0.000000] Hypervisor detected: KVM
[    0.000000] Kernel/User page tables isolation: disabled
[    0.000000] e820: last_pfn = 0x3fff0 max_arch_pfn = 0x400000000
[    0.000000] MTRR: Disabled
[    0.000000] x86/PAT: MTRRs disabled, skipping PAT initialization too.
[    0.000000] CPU MTRRs all blank - virtualized system.
[    0.000000] x86/PAT: Configuration [0-7]: WB  WT  UC- UC  WB  WT  UC- UC  
[    0.000000] found SMP MP-table at [mem 0x0009fff0-0x0009ffff] mapped at [ffff88000009fff0]
[    0.000000] Scanning 1 areas for low memory corruption
[    0.000000] RAMDISK: [mem 0x362dc000-0x37165fff]
[    0.000000] ACPI: Early table checksum verification disabled
[    0.000000] ACPI: RSDP 0x00000000000E0000 000024 (v02 VBOX  )
[    0.000000] ACPI: XSDT 0x000000003FFF0030 00003C (v01 VBOX   VBOXXSDT 00000001 ASL  00000061)
[    0.000000] ACPI: FACP 0x000000003FFF00F0 0000F4 (v04 VBOX   VBOXFACP 00000001 ASL  00000061)
[    0.000000] ACPI: DSDT 0x000000003FFF0470 002325 (v02 VBOX   VBOXBIOS 00000002 INTL 20200925)
[    0.000000] ACPI: FACS 0x000000003FFF0200 000040
[    0.000000] ACPI: FACS 0x000000003FFF0200 000040
[    0.000000] ACPI: APIC 0x000000003FFF0240 00005C (v02 VBOX   VBOXAPIC 00000001 ASL  00000061)
[    0.000000] ACPI: SSDT 0x000000003FFF02A0 0001CC (v01 VBOX   VBOXCPUT 00000002 INTL 20200925)
[    0.000000] No NUMA configuration found
[    0.000000] Faking a node at [mem 0x0000000000000000-0x000000003ffeffff]
[    0.000000] NODE_DATA(0) allocated [mem 0x3ffeb000-0x3ffeffff]
[    0.000000] kvm-clock: Using msrs 4b564d01 and 4b564d00
[    0.000000] kvm-clock: cpu 0, msr 0:3ffe3001, primary cpu clock
[    0.000000] kvm-clock: using sched offset of 2872288743 cycles
[    0.000000] clocksource: kvm-clock: mask: 0xffffffffffffffff max_cycles: 0x1cd42e4dffb, max_idle_ns: 881590591483 ns
[    0.000000] Zone ranges:
[    0.000000]   DMA      [mem 0x0000000000001000-0x0000000000ffffff]
[    0.000000]   DMA32    [mem 0x0000000001000000-0x000000003ffeffff]
[    0.000000]   Normal   empty
[    0.000000]   Device   empty
[    0.000000] Movable zone start for each node
[    0.000000] Early memory node ranges
[    0.000000]   node   0: [mem 0x0000000000001000-0x000000000009efff]
[    0.000000]   node   0: [mem 0x0000000000100000-0x000000003ffeffff]
[    0.000000] Initmem setup node 0 [mem 0x0000000000001000-0x000000003ffeffff]
[    0.000000] ACPI: PM-Timer IO Port: 0x4008
[    0.000000] IOAPIC[0]: apic_id 2, version 32, address 0xfec00000, GSI 0-23
[    0.000000] ACPI: INT_SRC_OVR (bus 0 bus_irq 0 global_irq 2 dfl dfl)
[    0.000000] ACPI: INT_SRC_OVR (bus 0 bus_irq 9 global_irq 9 low level)
[    0.000000] Using ACPI (MADT) for SMP configuration information
[    0.000000] smpboot: Allowing 2 CPUs, 0 hotplug CPUs
[    0.000000] PM: Registered nosave memory: [mem 0x00000000-0x00000fff]
[    0.000000] PM: Registered nosave memory: [mem 0x0009f000-0x0009ffff]
[    0.000000] PM: Registered nosave memory: [mem 0x000a0000-0x000effff]
[    0.000000] PM: Registered nosave memory: [mem 0x000f0000-0x000fffff]
[    0.000000] e820: [mem 0x40000000-0xfebfffff] available for PCI devices
[    0.000000] Booting paravirtualized kernel on KVM
[    0.000000] clocksource: refined-jiffies: mask: 0xffffffff max_cycles: 0xffffffff, max_idle_ns: 7645519600211568 ns
[    0.000000] setup_percpu: NR_CPUS:512 nr_cpumask_bits:512 nr_cpu_ids:2 nr_node_ids:1
[    0.000000] PERCPU: Embedded 33 pages/cpu @ffff88003fc00000 s95192 r8192 d31784 u1048576
[    0.000000] Built 1 zonelists in Node order, mobility grouping on.  Total pages: 257912
[    0.000000] Policy zone: DMA32
[    0.000000] Kernel command line: BOOT_IMAGE=/boot/vmlinuz-4.4.0-210-generic root=LABEL=cloudimg-rootfs ro console=tty1 console=ttyS0
[    0.000000] PID hash table entries: 4096 (order: 3, 32768 bytes)
[    0.000000] Memory: 997792K/1048120K available (8644K kernel code, 1332K rwdata, 4044K rodata, 1492K init, 1164K bss, 50328K reserved, 0K cma-reserved)
[    0.000000] SLUB: HWalign=64, Order=0-3, MinObjects=0, CPUs=2, Nodes=1
[    0.000000] Hierarchical RCU implementation.
[    0.000000] 	Build-time adjustment of leaf fanout to 64.
[    0.000000] 	RCU restricting CPUs from NR_CPUS=512 to nr_cpu_ids=2.
[    0.000000] RCU: Adjusting geometry for rcu_fanout_leaf=64, nr_cpu_ids=2
[    0.000000] NR_IRQS:33024 nr_irqs:440 16
[    0.000000] Console: colour VGA+ 80x25
[    0.000000] console [tty1] enabled
[    0.000000] console [ttyS0] enabled
[    0.000000] tsc: Detected 3693.044 MHz processor
[    0.071226] Calibrating delay loop (skipped) preset value.. 7386.08 BogoMIPS (lpj=14772176)
[    0.072086] pid_max: default: 32768 minimum: 301
[    0.072595] ACPI: Core revision 20150930
[    0.073447] ACPI: 2 ACPI AML tables successfully acquired and loaded
[    0.074123] Security Framework initialized
[    0.074530] Yama: becoming mindful.
[    0.074928] AppArmor: AppArmor initialized
[    0.075395] Dentry cache hash table entries: 131072 (order: 8, 1048576 bytes)
[    0.076122] Inode-cache hash table entries: 65536 (order: 7, 524288 bytes)
[    0.077093] Mount-cache hash table entries: 2048 (order: 2, 16384 bytes)
[    0.077715] Mountpoint-cache hash table entries: 2048 (order: 2, 16384 bytes)
[    0.078435] Initializing cgroup subsys io
[    0.078865] Initializing cgroup subsys memory
[    0.079336] Initializing cgroup subsys devices
[    0.079801] Initializing cgroup subsys freezer
[    0.080245] Initializing cgroup subsys net_cls
[    0.080704] Initializing cgroup subsys perf_event
[    0.081168] Initializing cgroup subsys net_prio
[    0.081602] Initializing cgroup subsys hugetlb
[    0.082061] Initializing cgroup subsys pids
[    0.082664] mce: CPU supports 0 MCE banks
[    0.083102] Last level iTLB entries: 4KB 512, 2MB 512, 4MB 256
[    0.083655] Last level dTLB entries: 4KB 2048, 2MB 2048, 4MB 1024, 1GB 0
[    0.084292] Spectre V1 : Mitigation: usercopy/swapgs barriers and __user pointer sanitization
[    0.085131] Spectre V2 : Spectre mitigation: LFENCE not serializing, switching to generic retpoline
[    0.085994] Spectre V2 : Mitigation: Full generic retpoline
[    0.086520] Spectre V2 : Spectre v2 / SpectreRSB mitigation: Filling RSB on context switch
[    0.088730] Freeing SMP alternatives memory: 36K
[    0.092637] ftrace: allocating 32380 entries in 127 pages
[    0.123437] smpboot: APIC(0) Converting physical 0 to logical package 0
[    0.124157] smpboot: Max logical packages: 1
[    0.124781] x2apic enabled
[    0.125254] Switched APIC routing to physical x2apic.
[    0.126424] ..TIMER: vector=0x30 apic1=0 pin1=2 apic2=-1 pin2=-1
[    0.235089] APIC calibration not consistent with PM-Timer: 108ms instead of 100ms
[    0.235947] APIC delta adjusted to PM-Timer: 6368257 (6939339)
[    0.236573] smpboot: CPU0: AMD Ryzen 9 5900X 12-Core Processor (family: 0x19, model: 0x21, stepping: 0x0)
[    0.237674] Performance Events: Broken PMU hardware detected, using software events only.
[    0.238593] Failed to access perfctr msr (MSR c0010007 is 0)
[    0.242947] KVM setup paravirtual spinlock
[    0.243947] x86: Booting SMP configuration:
[    0.244432] .... node  #0, CPUs:      #1
[    0.244955] kvm-clock: cpu 1, msr 0:3ffe3041, secondary cpu clock
[    0.245655] mce: CPU supports 0 MCE banks
[    0.248037] x86: Booted up 1 node, 2 CPUs
[    0.248613] smpboot: Total of 2 processors activated (14772.17 BogoMIPS)
[    0.249562] devtmpfs: initialized
[    0.251081] evm: security.selinux
[    0.251647] evm: security.SMACK64
[    0.252221] evm: security.SMACK64EXEC
[    0.252934] evm: security.SMACK64TRANSMUTE
[    0.253582] evm: security.SMACK64MMAP
[    0.254174] evm: security.ima
[    0.254686] evm: security.capability
[    0.255765] clocksource: jiffies: mask: 0xffffffff max_cycles: 0xffffffff, max_idle_ns: 7645041785100000 ns
[    0.256899] futex hash table entries: 512 (order: 3, 32768 bytes)
[    0.257657] pinctrl core: initialized pinctrl subsystem
[    0.258417] RTC time:  7:11:51, date: 06/19/23
[    0.259219] NET: Registered protocol family 16
[    0.273911] cpuidle: using governor ladder
[    0.285754] cpuidle: using governor menu
[    0.286421] PCCT header not found.
[    0.287261] ACPI: bus type PCI registered
[    0.287946] acpiphp: ACPI Hot Plug PCI Controller Driver version: 0.5
[    0.288923] PCI: Using configuration type 1 for base access
[    0.289836] PCI: Using configuration type 1 for extended access
[    0.298422] ACPI: Added _OSI(Module Device)
[    0.299008] ACPI: Added _OSI(Processor Device)
[    0.299527] ACPI: Added _OSI(3.0 _SCP Extensions)
[    0.300046] ACPI: Added _OSI(Processor Aggregator Device)
[    0.300892] ACPI: Executed 1 blocks of module-level executable AML code
[    0.302490] ACPI: Interpreter enabled
[    0.302938] ACPI: (supports S0 S5)
[    0.303352] ACPI: Using IOAPIC for interrupt routing
[    0.304002] PCI: Using host bridge windows from ACPI; if necessary, use "pci=nocrs" and report a bug
[    0.306377] ACPI: PCI Root Bridge [PCI0] (domain 0000 [bus 00-ff])
[    0.307030] acpi PNP0A03:00: _OSC: OS supports [ExtendedConfig ASPM ClockPM Segments MSI]
[    0.308201] acpi PNP0A03:00: _OSC: platform does not support [PCIeCapability]
[    0.309049] acpi PNP0A03:00: _OSC: not requesting control; platform does not support [PCIeCapability]
[    0.310056] acpi PNP0A03:00: _OSC: OS requested [PCIeHotplug PME AER PCIeCapability]
[    0.310973] acpi PNP0A03:00: _OSC: platform willing to grant [PCIeHotplug PME AER]
[    0.311838] acpi PNP0A03:00: _OSC failed (AE_SUPPORT); disabling ASPM
[    0.312645] PCI host bridge to bus 0000:00
[    0.317532] pci_bus 0000:00: root bus resource [io  0x0000-0x0cf7 window]
[    0.318292] pci_bus 0000:00: root bus resource [io  0x0d00-0xffff window]
[    0.319015] pci_bus 0000:00: root bus resource [mem 0x000a0000-0x000bffff window]
[    0.319886] pci_bus 0000:00: root bus resource [mem 0x40000000-0xfdffffff window]
[    0.320721] pci_bus 0000:00: root bus resource [bus 00-ff]
[    0.321930] pci 0000:00:01.1: legacy IDE quirk: reg 0x10: [io  0x01f0-0x01f7]
[    0.322661] pci 0000:00:01.1: legacy IDE quirk: reg 0x14: [io  0x03f6]
[    0.323349] pci 0000:00:01.1: legacy IDE quirk: reg 0x18: [io  0x0170-0x0177]
[    0.324088] pci 0000:00:01.1: legacy IDE quirk: reg 0x1c: [io  0x0376]
[    0.328997] pci 0000:00:07.0: quirk: [io  0x4000-0x403f] claimed by PIIX4 ACPI
[    0.329774] pci 0000:00:07.0: quirk: [io  0x4100-0x410f] claimed by PIIX4 SMB
[    0.333021] ACPI: PCI Interrupt Link [LNKA] (IRQs 5 9 10 *11)
[    0.333907] ACPI: PCI Interrupt Link [LNKB] (IRQs 5 9 *10 11)
[    0.334708] ACPI: PCI Interrupt Link [LNKC] (IRQs 5 *9 10 11)
[    0.335552] ACPI: PCI Interrupt Link [LNKD] (IRQs 5 9 10 *11)
[    0.336400] ACPI: Enabled 2 GPEs in block 00 to 07
[    0.337107] vgaarb: setting as boot device: PCI:0000:00:02.0
[    0.337716] vgaarb: device added: PCI:0000:00:02.0,decodes=io+mem,owns=io+mem,locks=none
[    0.338634] vgaarb: loaded
[    0.338986] vgaarb: bridge control possible 0000:00:02.0
[    0.339698] SCSI subsystem initialized
[    0.340206] ACPI: bus type USB registered
[    0.340735] usbcore: registered new interface driver usbfs
[    0.341388] usbcore: registered new interface driver hub
[    0.342034] usbcore: registered new device driver usb
[    0.342944] PCI: Using ACPI for IRQ routing
[    0.343795] NetLabel: Initializing
[    0.344371] NetLabel:  domain hash size = 128
[    0.345068] NetLabel:  protocols = UNLABELED CIPSOv4
[    0.345839] NetLabel:  unlabeled traffic allowed by default
[    0.346758] amd_nb: Cannot enumerate AMD northbridges
[    0.347576] clocksource: Switched to clocksource kvm-clock
[    0.351894] AppArmor: AppArmor Filesystem Enabled
[    0.352523] pnp: PnP ACPI init
[    0.353232] pnp: PnP ACPI: found 3 devices
[    0.360202] clocksource: acpi_pm: mask: 0xffffff max_cycles: 0xffffff, max_idle_ns: 2085701024 ns
[    0.361390] NET: Registered protocol family 2
[    0.362121] TCP established hash table entries: 8192 (order: 4, 65536 bytes)
[    0.362965] TCP bind hash table entries: 8192 (order: 5, 131072 bytes)
[    0.363785] TCP: Hash tables configured (established 8192 bind 8192)
[    0.364999] UDP hash table entries: 512 (order: 2, 16384 bytes)
[    0.365751] UDP-Lite hash table entries: 512 (order: 2, 16384 bytes)
[    0.366563] NET: Registered protocol family 1
[    0.367182] pci 0000:00:00.0: Limiting direct PCI/PCI transfers
[    0.367930] pci 0000:00:01.0: Activating ISA DMA hang workarounds
[    0.368632] Unpacking initramfs...
[    0.489672] Freeing initrd memory: 14888K
[    0.490102] clocksource: tsc: mask: 0xffffffffffffffff max_cycles: 0x6a7755dc1d3, max_idle_ns: 881591048559 ns
[    0.490832] platform rtc_cmos: registered platform RTC device (no PNP device found)
[    0.491435] Scanning for low memory corruption every 60 seconds
[    0.492054] audit: initializing netlink subsys (disabled)
[    0.492452] audit: type=2000 audit(1687158716.050:1): initialized
[    0.493007] Initialise system trusted keyring
[    0.493421] HugeTLB registered 2 MB page size, pre-allocated 0 pages
[    0.494461] zbud: loaded
[    0.494966] VFS: Disk quotas dquot_6.6.0
[    0.495345] VFS: Dquot-cache hash table entries: 512 (order 0, 4096 bytes)
[    0.495923] squashfs: version 4.0 (2009/01/31) Phillip Lougher
[    0.496452] fuse init (API version 7.23)
[    0.496906] Key type big_key registered
[    0.497297] Allocating IMA MOK and blacklist keyrings.
[    0.498635] Key type asymmetric registered
[    0.499028] Asymmetric key parser 'x509' registered
[    0.499456] Block layer SCSI generic (bsg) driver version 0.4 loaded (major 249)
[    0.500060] io scheduler noop registered
[    0.500378] io scheduler deadline registered (default)
[    0.500757] io scheduler cfq registered
[    0.501103] pci_hotplug: PCI Hot Plug PCI Core version: 0.5
[    0.501492] pciehp: PCI Express Hot Plug Controller Driver version: 0.4
[    0.501993] ACPI: AC Adapter [AC] (on-line)
[    0.502347] input: Power Button as /devices/LNXSYSTM:00/LNXPWRBN:00/input/input0
[    0.502925] ACPI: Power Button [PWRF]
[    0.503246] input: Sleep Button as /devices/LNXSYSTM:00/LNXSLPBN:00/input/input1
[    0.503822] ACPI: Sleep Button [SLPF]
[    0.504219] GHES: HEST is not enabled!
[    0.504652] Serial: 8250/16550 driver, 32 ports, IRQ sharing enabled
[    0.525348] 00:02: ttyS0 at I/O 0x3f8 (irq = 4, base_baud = 115200) is a 16550A
[    0.526857] Linux agpgart interface v0.103
[    0.528040] loop: module loaded
[    0.528650] scsi host0: ata_piix
[    0.528994] scsi host1: ata_piix
[    0.529292] ata1: PATA max UDMA/33 cmd 0x1f0 ctl 0x3f6 bmdma 0xd000 irq 14
[    0.529756] ata2: PATA max UDMA/33 cmd 0x170 ctl 0x376 bmdma 0xd008 irq 15
[    0.530245] libphy: Fixed MDIO Bus: probed
[    0.530569] tun: Universal TUN/TAP device driver, 1.6
[    0.530930] tun: (C) 1999-2004 Max Krasnyansky <maxk@qualcomm.com>
[    0.531382] PPP generic driver version 2.4.2
[    0.531761] ehci_hcd: USB 2.0 'Enhanced' Host Controller (EHCI) Driver
[    0.532217] ehci-pci: EHCI PCI platform driver
[    0.532558] ehci-platform: EHCI generic platform driver
[    0.532950] ohci_hcd: USB 1.1 'Open' Host Controller (OHCI) Driver
[    0.533385] ohci-pci: OHCI PCI platform driver
[    0.533724] ohci-platform: OHCI generic platform driver
[    0.534107] uhci_hcd: USB Universal Host Controller Interface driver
[    0.534561] i8042: PNP: PS/2 Controller [PNP0303:PS2K,PNP0f03:PS2M] at 0x60,0x64 irq 1,12
[    0.535481] serio: i8042 KBD port at 0x60,0x64 irq 1
[    0.535878] serio: i8042 AUX port at 0x60,0x64 irq 12
[    0.536360] mousedev: PS/2 mouse device common for all mice
[    0.536997] input: AT Translated Set 2 keyboard as /devices/platform/i8042/serio0/input/input2
[    0.537677] rtc_cmos rtc_cmos: rtc core: registered rtc_cmos as rtc0
[    0.538213] rtc_cmos rtc_cmos: alarms up to one day, 114 bytes nvram
[    0.538652] i2c /dev entries driver
[    0.538961] device-mapper: uevent: version 1.0.3
[    0.539351] device-mapper: ioctl: 4.34.0-ioctl (2015-10-28) initialised: dm-devel@redhat.com
[    0.540001] ledtrig-cpu: registered to indicate activity on CPUs
[    0.540628] NET: Registered protocol family 10
[    0.541169] NET: Registered protocol family 17
[    0.541522] Key type dns_resolver registered
[    0.542010] registered taskstats version 1
[    0.542345] Loading compiled-in X.509 certificates
[    0.543013] Loaded X.509 cert 'Build time autogenerated kernel key: cf00e047681d67edb2720680708b7d9498083038'
[    0.543751] zswap: loaded using pool lzo/zbud
[    0.544958] Key type trusted registered
[    0.546676] Key type encrypted registered
[    0.547086] AppArmor: AppArmor sha1 policy hashing enabled
[    0.547560] ima: No TPM chip found, activating TPM-bypass!
[    0.548056] ima: Allocated hash algorithm: sha1
[    0.548497] evm: HMAC attrs: 0x1
[    0.548989]   Magic number: 11:783:167
[    0.549392] acpi PNP0000:00: hash matches
[    0.549812] rtc_cmos rtc_cmos: setting system clock to 2023-06-19 07:11:51 UTC (1687158711)
[    0.550605] BIOS EDD facility v0.16 2004-Jun-25, 0 devices found
[    0.551121] EDD information not available.
[    1.052322] Freeing unused kernel memory: 1492K
[    1.053295] Write protecting the kernel read-only data: 14336k
[    1.054804] Freeing unused kernel memory: 1584K
[    1.055890] Freeing unused kernel memory: 52K
Loading, please wait...
starting version 229
[    1.069407] random: systemd-udevd: uninitialized urandom read (16 bytes read, 2 bits of entropy available)
[    1.070441] random: udevadm: uninitialized urandom read (16 bytes read, 2 bits of entropy available)
[    1.070466] random: udevadm: uninitialized urandom read (16 bytes read, 2 bits of entropy available)
[    1.073785] random: systemd-udevd: uninitialized urandom read (16 bytes read, 2 bits of entropy available)
[    1.075243] random: systemd-udevd: uninitialized urandom read (16 bytes read, 2 bits of entropy available)
[    1.076727] random: systemd-udevd: uninitialized urandom read (16 bytes read, 2 bits of entropy available)
[    1.078889] random: systemd-udevd: uninitialized urandom read (16 bytes read, 2 bits of entropy available)
[    1.080384] random: systemd-udevd: uninitialized urandom read (16 bytes read, 2 bits of entropy available)
[    1.081830] random: systemd-udevd: uninitialized urandom read (16 bytes read, 2 bits of entropy available)
[    1.082067] random: udevadm: uninitialized urandom read (16 bytes read, 2 bits of entropy available)
[    1.116710] e1000: Intel(R) PRO/1000 Network Driver - version 7.3.21-k8-NAPI
[    1.117748] e1000: Copyright (c) 1999-2006 Intel Corporation.
[    1.121402] Fusion MPT base driver 3.04.20
[    1.122305] Copyright (c) 1999-2008 LSI Corporation
[    1.137497] Fusion MPT SPI Host driver 3.04.20
[    1.139444] AVX2 version of gcm_enc/dec engaged.
[    1.140005] AES CTR mode by8 optimization enabled
[    1.345547] input: ImExPS/2 Generic Explorer Mouse as /devices/platform/i8042/serio1/input/input4
[    1.498879] e1000 0000:00:03.0 eth0: (PCI:33MHz:32-bit) 02:be:82:6b:cc:1d
[    1.499493] e1000 0000:00:03.0 eth0: Intel(R) PRO/1000 Network Connection
[    1.500393] mptbase: ioc0: Initiating bringup
[    2.175883] ioc0: LSI53C1030 A0: Capabilities={Initiator}
[    2.336669] scsi host2: ioc0: LSI53C1030 A0, FwRev=00000000h, Ports=1, MaxQ=256, IRQ=20
[    2.448291] scsi 2:0:0:0: Direct-Access     VBOX     HARDDISK         1.0  PQ: 0 ANSI: 5
[    2.459832] scsi target2:0:0: Beginning Domain Validation
[    2.461679] scsi target2:0:0: Domain Validation skipping write tests
[    2.462668] scsi target2:0:0: Ending Domain Validation
[    2.463992] scsi target2:0:0: asynchronous
[    2.465523] scsi 2:0:1:0: Direct-Access     VBOX     HARDDISK         1.0  PQ: 0 ANSI: 5
[    2.466918] scsi target2:0:1: Beginning Domain Validation
[    2.468777] scsi target2:0:1: Domain Validation skipping write tests
[    2.469758] scsi target2:0:1: Ending Domain Validation
[    2.470651] scsi target2:0:1: asynchronous
[    2.484359] sd 2:0:0:0: Attached scsi generic sg0 type 0
[    2.485508] sd 2:0:0:0: [sda] 83886080 512-byte logical blocks: (42.9 GB/40.0 GiB)
[    2.487383] sd 2:0:1:0: Attached scsi generic sg1 type 0
[    2.488477] sd 2:0:1:0: [sdb] 20480 512-byte logical blocks: (10.5 MB/10.0 MiB)
[    2.490036] sd 2:0:0:0: [sda] Write Protect is off
[    2.490979] sd 2:0:1:0: [sdb] Write Protect is off
[    2.492071] sd 2:0:0:0: [sda] Incomplete mode parameter data
[    2.493094] sd 2:0:0:0: [sda] Assuming drive cache: write through
[    2.494090] sd 2:0:1:0: [sdb] Incomplete mode parameter data
[    2.495124] sd 2:0:1:0: [sdb] Assuming drive cache: write through
[    2.497419]  sda: sda1
[    2.498548] sd 2:0:0:0: [sda] Attached SCSI disk
[    2.499187] sd 2:0:1:0: [sdb] Attached SCSI disk
[    2.916633] e1000 0000:00:08.0 eth1: (PCI:33MHz:32-bit) 08:00:27:eb:75:9d
[    2.917177] e1000 0000:00:08.0 eth1: Intel(R) PRO/1000 Network Connection
[    2.918249] e1000 0000:00:08.0 enp0s8: renamed from eth1
[    2.927738] e1000 0000:00:03.0 enp0s3: renamed from eth0
Begin: Loading essential drivers ... [    4.148364] md: linear personality registered for level -1
[    4.150302] md: multipath personality registered for level -4
[    4.152031] md: raid0 personality registered for level 0
[    4.154480] md: raid1 personality registered for level 1
[    4.223819] raid6: sse2x1   gen()  7039 MB/s
[    4.291708] raid6: sse2x1   xor() 15048 MB/s
[    4.359699] raid6: sse2x2   gen() 16870 MB/s
[    4.427689] raid6: sse2x2   xor() 19939 MB/s
[    4.495987] raid6: sse2x4   gen() 24774 MB/s
[    4.563921] raid6: sse2x4   xor() 13252 MB/s
[    4.631773] raid6: avx2x1   gen() 20143 MB/s
[    4.699709] raid6: avx2x2   gen() 35824 MB/s
[    4.767701] raid6: avx2x4   gen() 37921 MB/s
[    4.768070] raid6: using algorithm avx2x4 gen() 37921 MB/s
[    4.768488] raid6: using avx2x2 recovery algorithm
[    4.769435] xor: automatically using best checksumming function:
[    4.807617]    avx       : 21338.000 MB/sec
[    4.808652] async_tx: api initialized (async)
[    4.813909] md: raid6 personality registered for level 6
[    4.814343] md: raid5 personality registered for level 5
[    4.814762] md: raid4 personality registered for level 4
[    4.817928] md: raid10 personality registered for level 10
done.
Begin: Running /scripts/init-premount ... done.
Begin: Mounting root file system ... Begin: Running /scripts/local-top ... done.
Begin: Running /scripts/local-premount ... [    4.837459] Btrfs loaded
Scanning for Btrfs filesystems
done.
Warning: fsck not present, so skipping root file system
[    4.853465] EXT4-fs (sda1): mounted filesystem with ordered data mode. Opts: (null)
done.
Begin: Running /scripts/local-bottom ... done.
Begin: Running /scripts/init-bottom ... done.
[    4.911729] systemd[1]: systemd 229 running in system mode. (+PAM +AUDIT +SELINUX +IMA +APPARMOR +SMACK +SYSVINIT +UTMP +LIBCRYPTSETUP +GCRYPT +GNUTLS +ACL +XZ -LZ4 +SECCOMP +BLKID +ELFUTILS +KMOD -IDN)
[    4.912998] systemd[1]: Detected virtualization oracle.
[    4.913393] systemd[1]: Detected architecture x86-64.

Welcome to [1mUbuntu 16.04.7 LTS[0m!

[    4.915243] systemd[1]: Set hostname to <ubuntu>.
[    4.917083] systemd[1]: Initializing machine ID from random generator.
[    4.918125] systemd[1]: Installed transient /etc/machine-id file.
[    5.002621] systemd[1]: Started Trigger resolvconf update for networkd DNS.
[[0;32m  OK  [0m] Started Trigger resolvconf update for networkd DNS.
[    5.004362] systemd[1]: Created slice User and Session Slice.
[[0;32m  OK  [0m] Created slice User and Session Slice.
[    5.005644] systemd[1]: Started Forward Password Requests to Wall Directory Watch.
[[0;32m  OK  [0m] Started Forward Password Requests to Wall Directory Watch.
[    5.007480] systemd[1]: Listening on Journal Socket (/dev/log).
[[0;32m  OK  [0m] Listening on Journal Socket (/dev/log).
[    5.008694] systemd[1]: Reached target Encrypted Volumes.
[[0;32m  OK  [0m] Reached target Encrypted Volumes.
[    5.009990] systemd[1]: Created slice System Slice.
[[0;32m  OK  [0m] Created slice System Slice.
[    5.010956] systemd[1]: Reached target Slices.
[[0;32m  OK  [0m] Reached target Slices.
[    5.012001] systemd[1]: Listening on LVM2 poll daemon socket.
[[0;32m  OK  [0m] Listening on LVM2 poll daemon socket.
[    5.013174] systemd[1]: Listening on LVM2 metadata daemon socket.
[[0;32m  OK  [0m] Listening on LVM2 metadata daemon socket.
[    5.014408] systemd[1]: Listening on udev Control Socket.
[[0;32m  OK  [0m] Listening on udev Control Socket.
[    5.015428] systemd[1]: Listening on fsck to fsckd communication Socket.
[[0;32m  OK  [0m] Listening on fsck to fsckd communication Socket.
[    5.016551] systemd[1]: Set up automount Arbitrary Executable File Formats File System Automount Point.
[[0;32m  OK  [0m] Set up automount Arbitrary Executab...ats File System Automount Point.
[    5.018250] systemd[1]: Reached target Swap.
[[0;32m  OK  [0m] Reached target Swap.
[    5.019632] systemd[1]: Listening on udev Kernel Socket.
[[0;32m  OK  [0m] Listening on udev Kernel Socket.
[    5.020838] systemd[1]: Reached target System Time Synchronized.
[[0;32m  OK  [0m] Reached target System Time Synchronized.
[    5.022025] systemd[1]: Listening on Device-mapper event daemon FIFOs.
[[0;32m  OK  [0m] Listening on Device-mapper event daemon FIFOs.
[    5.023171] systemd[1]: Created slice system-serial\x2dgetty.slice.
[[0;32m  OK  [0m] Created slice system-serial\x2dgetty.slice.
[    5.024272] systemd[1]: Listening on /dev/initctl Compatibility Named Pipe.
[[0;32m  OK  [0m] Listening on /dev/initctl Compatibility Named Pipe.
[    5.025744] systemd[1]: Listening on Journal Audit Socket.
[[0;32m  OK  [0m] Listening on Journal Audit Socket.
[    5.026965] systemd[1]: Reached target User and Group Name Lookups.
[[0;32m  OK  [0m] Reached target User and Group Name Lookups.
[    5.028322] systemd[1]: Listening on Syslog Socket.
[[0;32m  OK  [0m] Listening on Syslog Socket.
[    5.029467] systemd[1]: Listening on Journal Socket.
[[0;32m  OK  [0m] Listening on Journal Socket.
[    5.043743] systemd[1]: Starting Nameserver information manager...
         Starting Nameserver information manager...
[    5.045300] systemd[1]: Mounting Huge Pages File System...
         Mounting Huge Pages File System...
[    5.046560] systemd[1]: Starting File System Check on Root Device...
         Starting File System Check on Root Device...
[    5.049105] systemd[1]: Starting Journal Service...
         Starting Journal Service...
[    5.052501] systemd[1]: Starting Load Kernel Modules...
         Starting Load Kernel Modules...
[    5.054090] systemd[1]: Starting Monitoring of LVM2 mirrors, snapshots etc. using dmeventd or progress polling...
         Starting Monitoring of LVM2 mirrors... dmeventd or progress polling...
[    5.056616] systemd[1]: Mounting Debug File System...
         Mounting Debug File System...
[    5.059214] systemd[1]: Starting Uncomplicated firewall...
         Starting Uncomplicated firewall...
[    5.060971] systemd[1]: Mounting POSIX Message Queue File System...
         Mounting POSIX Message Queue File System...
[    5.062300] Loading iSCSI transport class v2.0-870.
[    5.064200] systemd[1]: Starting Set console keymap...
         Starting Set console keymap...
[    5.066068] systemd[1]: Starting Create list of required static device nodes for the current kernel...
         Starting Create list of required st... nodes for the current kernel...
[    5.070218] systemd[1]: Mounted Huge Pages File System.
[    5.070972] iscsi: registered transport (tcp)
[[0;32m  OK  [0m] Mounted Huge Pages File System.
[    5.071837] systemd[1]: Mounted Debug File System.
[[0;32m  OK  [0m] Mounted Debug File System.
[    5.075676] systemd[1]: Mounted POSIX Message Queue File System.
[[0;32m  OK  [0m] Mounted POSIX Message Queue File System.
[    5.077616] systemd[1]: Started Uncomplicated firewall.
[[0;32m  OK  [0m] Started Uncomplicated firewall.
[    5.080840] systemd[1]: Started Create list of required static device nodes for the current kernel.
[[0;32m  OK  [0m] Started Create list of required sta...ce nodes for the current kernel.
[    5.082917] systemd[1]: Started Nameserver information manager.
[[0;32m  OK  [0m] Started Nameserver information manager.
[    5.085634] systemd[1]: Started File System Check Daemon to report status.
[[0;32m  OK  [0m] Started File System Check Daemon to report status.
[    5.087640] systemd[1]: Starting Create Static Device Nodes in /dev...
         Starting Create Static Device Nodes in /dev...
[    5.092042] systemd[1]: Started LVM2 metadata daemon.
[[0;32m  OK  [0m] Started LVM2 metadata daemon.
[    5.101239] systemd[1]: Started Journal Service.
[[0;32m  OK  [0m] Started Journal Service.
[[0;32m  OK  [0m] Started Create Static Device Nodes in /dev.
[    5.109307] iscsi: registered transport (iser)
         Starting udev Kernel Device Manager...
[[0;32m  OK  [0m] Started File System Check on Root Device.
[[0;32m  OK  [0m] Started Load Kernel Modules.
         Mounting FUSE Control File System...
         Starting Apply Kernel Variables...
         Starting Remount Root and Kernel File Systems...
[[0;32m  OK  [0m] Mounted FUSE Control File System.
[    5.119759] EXT4-fs (sda1): re-mounted. Opts: (null)
[[0;32m  OK  [0m] Started Remount Root and Kernel File Systems.
         Starting Load/Save Random Seed...
         Starting Flush Journal to Persistent Storage...
         Starting udev Coldplug all Devices...
[[0;32m  OK  [0m] Started Load/Save Random Seed.
[[0;32m  OK  [0m] Started Apply Kernel Variables.
[[0;32m  OK  [0m] Started Flush Journal to Persistent Storage.
[[0;32m  OK  [0m] Started Set console keymap.
[[0;32m  OK  [0m] Started udev Kernel Device Manager.
[[0;32m  OK  [0m] Started udev Coldplug all Devices.
[[0;32m  OK  [0m] Started Dispatch Password Requests to Console Directory Watch.
[[0;32m  OK  [0m] Found device /dev/ttyS0.
[[0;32m  OK  [0m] Listening on Load/Save RF Kill Switch Status /dev/rfkill Watch.
[[0;32m  OK  [0m] Started Monitoring of LVM2 mirrors,...ng dmeventd or progress polling.
[[0;32m  OK  [0m] Reached target Local File Systems (Pre).
[[0;32m  OK  [0m] Reached target Local File Systems.
         Starting Tell Plymouth To Write Out Runtime Data...
         Starting Create Volatile Files and Directories...
         Starting LSB: AppArmor initialization...
         Starting Commit a transient machine-id on disk...
         Starting Set console font and keymap...
         Starting Initial cloud-init job (pre-networking)...
[[0;32m  OK  [0m] Started Create Volatile Files and Directories.
         Starting Update UTMP about System Boot/Shutdown...
[[0;32m  OK  [0m] Started Update UTMP about System Boot/Shutdown.
[[0;32m  OK  [0m] Started Tell Plymouth To Write Out Runtime Data.
[[0;32m  OK  [0m] Started Commit a transient machine-id on disk.
[[0;32m  OK  [0m] Started Set console font and keymap.
[[0;32m  OK  [0m] Created slice system-getty.slice.
[[0;32m  OK  [0m] Started LSB: AppArmor initialization.
         Starting Load AppArmor profiles managed internally by snapd...
[[0;32m  OK  [0m] Started Load AppArmor profiles managed internally by snapd.
[    5.847502] cloud-init[644]: Cloud-init v. 21.1-19-gbad84ad4-0ubuntu1~16.04.2 running 'init-local' at Mon, 19 Jun 2023 07:11:56 +0000. Up 5.69 seconds.
[[0;32m  OK  [0m] Started Initial cloud-init job (pre-networking).
[[0;32m  OK  [0m] Reached target Network (Pre).
         Starting Raise network interfaces...
[[0;32m  OK  [0m] Started Raise network interfaces.
[[0;32m  OK  [0m] Reached target Network.
         Starting Initial cloud-init job (metadata service crawler)...
[    6.551648] cloud-init[969]: Cloud-init v. 21.1-19-gbad84ad4-0ubuntu1~16.04.2 running 'init' at Mon, 19 Jun 2023 07:11:57 +0000. Up 6.10 seconds.
[    6.552285] cloud-init[969]: ci-info: ++++++++++++++++++++++++++++++++++++++Net device info+++++++++++++++++++++++++++++++++++++++
[    6.552806] cloud-init[969]: ci-info: +--------+-------+----------------------------+---------------+--------+-------------------+
[    6.553290] cloud-init[969]: ci-info: | Device |   Up  |          Address           |      Mask     | Scope  |     Hw-Address    |
[    6.553767] cloud-init[969]: ci-info: +--------+-------+----------------------------+---------------+--------+-------------------+
[    6.554246] cloud-init[969]: ci-info: | enp0s3 |  True |         10.0.2.15          | 255.255.255.0 | global | 02:be:82:6b:cc:1d |
[    6.554728] cloud-init[969]: ci-info: | enp0s3 |  True | fe80::be:82ff:fe6b:cc1d/64 |       .       |  link  | 02:be:82:6b:cc:1d |
[    6.555203] cloud-init[969]: ci-info: | enp0s8 | False |             .              |       .       |   .    | 08:00:27:eb:75:9d |
[    6.555703] cloud-init[969]: ci-info: |   lo   |  True |         127.0.0.1          |   255.0.0.0   |  host  |         .         |
[    6.556194] cloud-init[969]: ci-info: |   lo   |  True |          ::1/128           |       .       |  host  |         .         |
[    6.556672] cloud-init[969]: ci-info: +--------+-------+----------------------------+---------------+--------+-------------------+
[    6.557157] cloud-init[969]: ci-info: +++++++++++++++++++++++++++Route IPv4 info++++++++++++++++++++++++++++
[    6.557594] cloud-init[969]: ci-info: +-------+-------------+----------+---------------+-----------+-------+
[    6.558030] cloud-init[969]: ci-info: | Route | Destination | Gateway  |    Genmask    | Interface | Flags |
[    6.558467] cloud-init[969]: ci-info: +-------+-------------+----------+---------------+-----------+-------+
[    6.558903] cloud-init[969]: ci-info: |   0   |   0.0.0.0   | 10.0.2.2 |    0.0.0.0    |   enp0s3  |   UG  |
[    6.559339] cloud-init[969]: ci-info: |   1   |   10.0.2.0  | 0.0.0.0  | 255.255.255.0 |   enp0s3  |   U   |
[    6.559791] cloud-init[969]: ci-info: +-------+-------------+----------+---------------+-----------+-------+
[    6.560253] cloud-init[969]: ci-info: +++++++++++++++++++Route IPv6 info+++++++++++++++++++
[    6.560656] cloud-init[969]: ci-info: +-------+-------------+---------+-----------+-------+
[    6.561062] cloud-init[969]: ci-info: | Route | Destination | Gateway | Interface | Flags |
[    6.561466] cloud-init[969]: ci-info: +-------+-------------+---------+-----------+-------+
[    6.561840] cloud-init[969]: ci-info: |   0   |  fe80::/64  |    ::   |   enp0s3  |   U   |
[    6.562211] cloud-init[969]: ci-info: |   3   |   ff00::/8  |    ::   |   enp0s3  |   U   |
[    6.562656] cloud-init[969]: ci-info: +-------+-------------+---------+-----------+-------+
[    6.563114] cloud-init[969]: Generating public/private rsa key pair.
[    6.563512] cloud-init[969]: Your identification has been saved in /etc/ssh/ssh_host_rsa_key.
[    6.563969] cloud-init[969]: Your public key has been saved in /etc/ssh/ssh_host_rsa_key.pub.
[    6.564433] cloud-init[969]: The key fingerprint is:
[    6.564793] cloud-init[969]: SHA256:1njvJtsgep6m6nGXd9ZQX6ZgVev++hjQk38NMTXstNQ root@ubuntu-xenial
[    6.565253] cloud-init[969]: The key's randomart image is:
[    6.565621] cloud-init[969]: +---[RSA 2048]----+
[    6.565965] cloud-init[969]: |              oo+|
[    6.566308] cloud-init[969]: |             . =E|
[    6.566661] cloud-init[969]: |            o B.+|
[    6.567006] cloud-init[969]: |         o . +.X.|
[    6.567354] cloud-init[969]: |        S o o *..|
[    6.567712] cloud-init[969]: |       . o . +.+.|
[    6.568065] cloud-init[969]: |    . . + o + o.+|
[    6.568444] cloud-init[969]: |     o oo+.*.  oo|
[    6.568795] cloud-init[969]: |   .o.o=o .+o ooo|
[    6.569149] cloud-init[969]: +----[SHA256]-----+
[    6.569498] cloud-init[969]: Generating public/private dsa key pair.[[0;32m  OK  [0m] Started Initial cloud-init job (metadata service crawler).
[[0;32m  OK  [0m] Reached target Network is Online.

[    6.570214] cloud-init[969]: Your identification has been saved in /etc/ssh/ssh_host_dsa_key.
[    6.570787] cloud-init[969]: Your public key has been saved in /etc/ssh/ssh_host_dsa_key.pub.
[    6.571204] cloud-init[969]: The key fingerprint is:
[    6.571530] cloud-init[969]: SHA256:ycUSMPmcdXu8tn9eleMuOyZuMbTpG1YuDFiUunl23dA root@ubuntu-xenial
[    6.571971] cloud-init[969]: The key's randomart image is:
[    6.572330] cloud-init[969]: +---[DSA 1024]----+
[    6.572650] cloud-init[969]: |      oo...      |
[    6.572962] cloud-init[969]: |      ...+. .    |
[    6.573279] cloud-init[969]: |       oo+o. o.  |
[    6.573599] cloud-init[969]: |       o*+ ...oE.|
[    6.573912] cloud-init[969]: |       .S.. +oo+.|
[    6.574227] cloud-init[969]: |       o oo*o.+.o|
[    6.574541] cloud-init[969]: |        o o=oo o.|
[    6.574855] cloud-init[969]: |          .+o+o o|
[    6.575171] cloud-init[969]: |          oo+.+++|
[    6.575493] cloud-init[969]: +----[SHA256]-----+
[    6.575823] cloud-init[969]: Generating public/private ecdsa key pair.
[    6.576202] cloud-init[969]: Your identification has been saved in /etc/ssh/ssh_host_ecdsa_key.
[    6.576628] cloud-init[969]: Your public key has been saved in /etc/ssh/ssh_host_ecdsa_key.pub.
[    6.577058] cloud-init[969]: The key fingerprint is:
[    6.577390] cloud-init[969]: SHA256:cNyoFutrXaV/TmmPlwDlWLmZTmFmQHGLjpItTO13xQE root@ubuntu-xenial
[    6.577841] cloud-init[969]: The key's randomart image is:
[    6.578191] cloud-init[969]: +---[ECDSA 256]---+
[    6.578510] cloud-init[969]: |          .+oEo. |
[    6.578829] cloud-init[969]: |       ..o  oOo .|
[    6.579150] cloud-init[969]: |      o.+...O.=o |
[    6.579479] cloud-init[969]: |      o*+ oo.*.  |
[    6.579819] cloud-init[969]: |      +=S+ =+.   |
[    6.580156]          Starting iSCSI initiator daemon (iscsid)...
[[0;32m  OK  [0m] Reached target System Initialization.
cloud-init[[0;32m  OK  [0m] Started ACPI Events Check.
[[0;32m  OK  [0m] Reached target Paths.
[[0;32m  OK  [0m] Started Daily apt download activities.
[969]:          Starting LXD - unix socket.
[[0;32m  OK  [0m] Started Message of the Day.
[[0;32m  OK  [0m] Started Daily apt upgrade and clean activities.
[[0;32m  OK  [0m] Started Ubuntu Advantage update messaging.
[[0;32m  OK  [0m] Listening on D-Bus System Message Bus Socket.
[[0;32m  OK  [0m] Started Daily Cleanup of Temporary Directories.
[[0;32m  OK  [0m] Listening on ACPID Listen Socket.
         Starting Socket activation for snappy daemon.
[[0;32m  OK  [0m] Listening on UUID daemon activation socket.
[[0;32m  OK  [0m] Reached target Timers.
[[0;32m  OK  [0m] Reached target Cloud-config availability.
[[0;32m  OK  [0m] Listening on Socket activation for snappy daemon.
[[0;32m  OK  [0m] Listening on LXD - unix socket.
[[0;32m  OK  [0m] Reached target Sockets.
[[0;32m  OK  [0m] Reached target Basic System.
|     o  o + .o . |[[0;32m  OK  [0m] Started FUSE filesystem for LXC.

[    6.584760] cloud-init[969]: |      .. . .  = .|
[[0;32m  OK  [0m] Started ACPI event daemon.
[    6.585206] cloud-init         Starting System Logging Service...
[969]: |      ...   .o.+.|[[0;32m  OK  [0m] Started D-Bus System Message Bus.

[    6.586808] cloud-init[969]: |     ..      oo..|
[    6.587325] cloud-init[969]: +----[SHA256]-----+
[    6.589769] cloud-init[969]: Generating public/private ed25519 key pair.
[    6.590168] cloud-init[969]: Your identification has been saved in /etc/ssh/ssh_host_ed25519_key.
[    6.590664] cloud-init[969]: Your public key has been saved in /etc/ssh/ssh_host_ed25519_key.pub.
[    6.591132] cloud-init[969]: The key fingerprint is:
[    6.591486] cloud-init[969]: SHA256:kNb9Asvf2y0YPSfGmTeyfFzw60zObi2BpdDrnS8jPRg root@ubuntu-xenial
[    6.591988] cloud-init[969]: The key's randomart image is:
[    6.592388] cloud-init[969]: +--[ED25519 256]--+
[    6.592728] cloud-init[969]: |                 |
[    6.593067] cloud-init[969]: |       o .       |
[    6.593561] cloud-init[969]: |      + o ..     |
[    6.593930] cloud-init[969]: |     . o o... o  |
[    6.594269] cloud-init[969]: |        S ...B = |
[    6.594637] cloud-init[969]: |         . oE.X.=|
[    6.595019] cloud-init[969]: |          ..oO+O=|
[    6.595388] cloud-init[969]: |            ==#*.|
[    6.595723] cloud-init[969]: |            ..*&o|
[    6.596039] cloud-init[969]: +----[SHA256]-----+
         Starting Virtualbox guest utils...
         Starting LSB: Record successful boot for GRUB...
         Starting Pollinate to seed the pseudo random number generator...
[[0;32m  OK  [0m] Started Regular background program processing daemon.
         Starting Accounts Service...
[[0;32m  OK  [0m] Started Deferred execution scheduler.
         Starting LSB: MD monitoring daemon...
         Starting Snap Daemon...
         Starting Login Service...
         Starting /etc/rc.local Compatibility...
         Starting LXD - container startup/shutdown...
[[0;32m  OK  [0m] Started System Logging Service.
[[0;32m  OK  [0m] Started /etc/rc.local Compatibility.
[[0;32m  OK  [0m] Started iSCSI initiator daemon (iscsid).
         Starting Login to default iSCSI targets...
[[0;32m  OK  [0m] Started Login Service.
[[0;32m  OK  [0m] Started Unattended Upgrades Shutdown.
[[0;32m  OK  [0m] Started LSB: Record successful boot for GRUB.
[[0;32m  OK  [0m] Started Login to default iSCSI targets.
[[0;32m  OK  [0m] Reached target Remote File Systems (Pre).
[[0;32m  OK  [0m] Reached target Remote File Systems.
         Starting Permit User Sessions...
         Starting LSB: daemon to balance interrupts for SMP systems...
         Starting LSB: Set the CPU Frequency Scaling governor to "ondemand"...
         Starting LSB: automatic crash report generation...
[[0;32m  OK  [0m] Started Permit User Sessions.
         Starting Terminate Plymouth Boot Screen...
         Starting Hold until boot process finishes up...
[[0;32m  OK  [0m] Started Hold until boot process finishes up.
[[0;32m  OK  [0m] Started LSB: MD monitoring daemon.
[[0;32m  OK  [0m] Started LSB: Set the CPU Frequency Scaling governor to "ondemand".
[[0;32m  OK  [0m] Started LSB: daemon to balance interrupts for SMP systems.
[[0;32m  OK  [0m] Started Terminate Plymouth Boot Screen.
[[0;32m  OK  [0m] Started Getty on tty1.
[[0;32m  OK  [0m] Started Serial Getty on ttyS0.
[[0;32m  OK  [0m] Reached target Login Prompts.
         Starting Set console scheme...
[[0;32m  OK  [0m] Started Set console scheme.
         Starting Authenticate and Authorize Users to Run Privileged Tasks...
[[0;32m  OK  [0m] Started LSB: automatic crash report generation.
[[0;32m  OK  [0m] Started Virtualbox guest utils.
[[0;32m  OK  [0m] Started Authenticate and Authorize Users to Run Privileged Tasks.
[[0;32m  OK  [0m] Started Accounts Service.
[[0;32m  OK  [0m] Started LXD - container startup/shutdown.
[[0;32m  OK  [0m] Started Snap Daemon.
         Starting Wait until snapd is fully seeded...
[[0;32m  OK  [0m] Started Pollinate to seed the pseudo random number generator.
         Starting OpenBSD Secure Shell server...
[[0;32m  OK  [0m] Started OpenBSD Secure Shell server.
[[0;32m  OK  [0m] Started Wait until snapd is fully seeded.
[[0;32m  OK  [0m] Reached target Multi-User System.
[[0;32m  OK  [0m] Reached target Graphical Interface.
         Starting Update UTMP about System Runlevel Changes...
         Starting Apply the settings specified in cloud-config...
[[0;32m  OK  [0m] Started Update UTMP about System Runlevel Changes.
[    8.579492] cloud-init[1309]: Generating locales (this might take a while)...
[    8.871835] cloud-init[1309]:   en_US.UTF-8... done
[    8.872317] cloud-init[1309]: Generation complete.
[    9.022205] cloud-init[1309]: Cloud-init v. 21.1-19-gbad84ad4-0ubuntu1~16.04.2 running 'modules:config' at Mon, 19 Jun 2023 07:11:59 +0000. Up 8.53 seconds.
[[0;32m  OK  [0m] Started Apply the settings specified in cloud-config.
         Starting Execute cloud user/final scripts...
ci-info: no authorized SSH keys fingerprints found for user ubuntu.
<14>Jun 19 07:12:00 ec2: 
<14>Jun 19 07:12:00 ec2: #############################################################
<14>Jun 19 07:12:00 ec2: -----BEGIN SSH HOST KEY FINGERPRINTS-----
<14>Jun 19 07:12:00 ec2: 1024 SHA256:ycUSMPmcdXu8tn9eleMuOyZuMbTpG1YuDFiUunl23dA root@ubuntu-xenial (DSA)
<14>Jun 19 07:12:00 ec2: 256 SHA256:cNyoFutrXaV/TmmPlwDlWLmZTmFmQHGLjpItTO13xQE root@ubuntu-xenial (ECDSA)
<14>Jun 19 07:12:00 ec2: 256 SHA256:kNb9Asvf2y0YPSfGmTeyfFzw60zObi2BpdDrnS8jPRg root@ubuntu-xenial (ED25519)
<14>Jun 19 07:12:00 ec2: 2048 SHA256:1njvJtsgep6m6nGXd9ZQX6ZgVev++hjQk38NMTXstNQ root@ubuntu-xenial (RSA)
<14>Jun 19 07:12:00 ec2: -----END SSH HOST KEY FINGERPRINTS-----
<14>Jun 19 07:12:00 ec2: #############################################################
-----BEGIN SSH HOST KEY KEYS-----
ecdsa-sha2-nistp256 AAAAE2VjZHNhLXNoYTItbmlzdHAyNTYAAAAIbmlzdHAyNTYAAABBBAfaXOxUSaN8KTBOz72ljwVpnfYiNi8g7xfbGJXweR2A+n9uu+4KvvqmPQU372BZIZ64j2r4LnTTxTtUisPO0n8= root@ubuntu-xenial
ssh-ed25519 AAAAC3NzaC1lZDI1NTE5AAAAIBvO58sX+YIUxa8/kCHoOGozqS7wFrk7c7rKr1eN3Mp+ root@ubuntu-xenial
ssh-rsa AAAAB3NzaC1yc2EAAAADAQABAAABAQCYnohDids8yhO9411fYJkupKnlI8mWw9Q/0TA0A/g+Y5G3/h/wUOn1A+kkAJituABAOQkimrLibl9VoiA4CEScu3HG9ffRkwMG9ao74ahEilYP2TwEaiqMxxwAJ02t+l4B4edOwKKwOrKisizv7f5TlRolcY4mjz8ojc4ExfUdVDHRptZqQHue2VowpswkBhw4UlBlA2kCqPADjqnqHrF2Xm6yJ0qwSLs4AreZbIGrXK4pMX9IRN58r9Maz60bVNnTV67fWFr2QqaWcfER5h5Rms4HxCstrLM+1q9510OhT7AMqeb7qMUNMQ85gtUVXGuv6PbEeB36IFYVK1m6bTrJ root@ubuntu-xenial
-----END SSH HOST KEY KEYS-----
[    9.226811] cloud-init[1351]: Cloud-init v. 21.1-19-gbad84ad4-0ubuntu1~16.04.2 running 'modules:final' at Mon, 19 Jun 2023 07:12:00 +0000. Up 9.16 seconds.
[    9.227420] cloud-init[1351]: ci-info: no authorized SSH keys fingerprints found for user ubuntu.
[    9.227872] cloud-init[1351]: Cloud-init v. 21.1-19-gbad84ad4-0ubuntu1~16.04.2 finished at Mon, 19 Jun 2023 07:12:00 +0000. Datasource DataSourceNoCloud [seed=/dev/sdb][dsmode=net].  Up 9.22 seconds
[[0;32m  OK  [0m] Started Execute cloud user/final scripts.
[[0;32m  OK  [0m] Reached target Cloud-init target.

Ubuntu 16.04.7 LTS ubuntu-xenial ttyS0

ubuntu-xenial login: 