[    0.000000] Linux version 4.15.0-212-generic (buildd@lcy02-amd64-083) (gcc version 7.5.0 (Ubuntu 7.5.0-3ubuntu1~18.04)) #223-Ubuntu SMP Tue May 23 13:09:22 UTC 2023 (Ubuntu 4.15.0-212.223-generic 4.15.18)
[    0.000000] Command line: BOOT_IMAGE=/boot/vmlinuz-4.15.0-212-generic root=LABEL=cloudimg-rootfs ro console=tty1 console=ttyS0
[    0.000000] KERNEL supported cpus:
[    0.000000]   Intel GenuineIntel
[    0.000000]   AMD AuthenticAMD
[    0.000000]   Centaur CentaurHauls
[    0.000000] [Firmware Bug]: TSC doesn't count with P0 frequency!
[    0.000000] x86/fpu: Supporting XSAVE feature 0x001: 'x87 floating point registers'
[    0.000000] x86/fpu: Supporting XSAVE feature 0x002: 'SSE registers'
[    0.000000] x86/fpu: Supporting XSAVE feature 0x004: 'AVX registers'
[    0.000000] x86/fpu: xstate_offset[2]:  576, xstate_sizes[2]:  256
[    0.000000] x86/fpu: Enabled xstate features 0x7, context size is 832 bytes, using 'standard' format.
[    0.000000] e820: BIOS-provided physical RAM map:
[    0.000000] BIOS-e820: [mem 0x0000000000000000-0x000000000009fbff] usable
[    0.000000] BIOS-e820: [mem 0x000000000009fc00-0x000000000009ffff] reserved
[    0.000000] BIOS-e820: [mem 0x00000000000f0000-0x00000000000fffff] reserved
[    0.000000] BIOS-e820: [mem 0x0000000000100000-0x000000007ffeffff] usable
[    0.000000] BIOS-e820: [mem 0x000000007fff0000-0x000000007fffffff] ACPI data
[    0.000000] BIOS-e820: [mem 0x00000000fec00000-0x00000000fec00fff] reserved
[    0.000000] BIOS-e820: [mem 0x00000000fee00000-0x00000000fee00fff] reserved
[    0.000000] BIOS-e820: [mem 0x00000000fffc0000-0x00000000ffffffff] reserved
[    0.000000] NX (Execute Disable) protection: active
[    0.000000] SMBIOS 2.5 present.
[    0.000000] DMI: innotek GmbH VirtualBox/VirtualBox, BIOS VirtualBox 12/01/2006
[    0.000000] Hypervisor detected: KVM
[    0.000000] e820: last_pfn = 0x7fff0 max_arch_pfn = 0x400000000
[    0.000000] MTRR: Disabled
[    0.000000] x86/PAT: MTRRs disabled, skipping PAT initialization too.
[    0.000000] CPU MTRRs all blank - virtualized system.
[    0.000000] x86/PAT: Configuration [0-7]: WB  WT  UC- UC  WB  WT  UC- UC  
[    0.000000] found SMP MP-table at [mem 0x0009fff0-0x0009ffff]
[    0.000000] Scanning 1 areas for low memory corruption
[    0.000000] RAMDISK: [mem 0x359cb000-0x36cdcfff]
[    0.000000] ACPI: Early table checksum verification disabled
[    0.000000] ACPI: RSDP 0x00000000000E0000 000024 (v02 VBOX  )
[    0.000000] ACPI: XSDT 0x000000007FFF0030 00003C (v01 VBOX   VBOXXSDT 00000001 ASL  00000061)
[    0.000000] ACPI: FACP 0x000000007FFF00F0 0000F4 (v04 VBOX   VBOXFACP 00000001 ASL  00000061)
[    0.000000] ACPI: DSDT 0x000000007FFF0470 002325 (v02 VBOX   VBOXBIOS 00000002 INTL 20200925)
[    0.000000] ACPI: FACS 0x000000007FFF0200 000040
[    0.000000] ACPI: FACS 0x000000007FFF0200 000040
[    0.000000] ACPI: APIC 0x000000007FFF0240 00005C (v02 VBOX   VBOXAPIC 00000001 ASL  00000061)
[    0.000000] ACPI: SSDT 0x000000007FFF02A0 0001CC (v01 VBOX   VBOXCPUT 00000002 INTL 20200925)
[    0.000000] ACPI: Reserving FACP table memory at [mem 0x7fff00f0-0x7fff01e3]
[    0.000000] ACPI: Reserving DSDT table memory at [mem 0x7fff0470-0x7fff2794]
[    0.000000] ACPI: Reserving FACS table memory at [mem 0x7fff0200-0x7fff023f]
[    0.000000] ACPI: Reserving FACS table memory at [mem 0x7fff0200-0x7fff023f]
[    0.000000] ACPI: Reserving APIC table memory at [mem 0x7fff0240-0x7fff029b]
[    0.000000] ACPI: Reserving SSDT table memory at [mem 0x7fff02a0-0x7fff046b]
[    0.000000] No NUMA configuration found
[    0.000000] Faking a node at [mem 0x0000000000000000-0x000000007ffeffff]
[    0.000000] NODE_DATA(0) allocated [mem 0x7ffc5000-0x7ffeffff]
[    0.000000] kvm-clock: cpu 0, msr 0:7ff44001, primary cpu clock
[    0.000000] kvm-clock: Using msrs 4b564d01 and 4b564d00
[    0.000000] kvm-clock: using sched offset of 2965286439 cycles
[    0.000000] clocksource: kvm-clock: mask: 0xffffffffffffffff max_cycles: 0x1cd42e4dffb, max_idle_ns: 881590591483 ns
[    0.000000] Zone ranges:
[    0.000000]   DMA      [mem 0x0000000000001000-0x0000000000ffffff]
[    0.000000]   DMA32    [mem 0x0000000001000000-0x000000007ffeffff]
[    0.000000]   Normal   empty
[    0.000000]   Device   empty
[    0.000000] Movable zone start for each node
[    0.000000] Early memory node ranges
[    0.000000]   node   0: [mem 0x0000000000001000-0x000000000009efff]
[    0.000000]   node   0: [mem 0x0000000000100000-0x000000007ffeffff]
[    0.000000] Reserved but unavailable: 104 pages
[    0.000000] Initmem setup node 0 [mem 0x0000000000001000-0x000000007ffeffff]
[    0.000000] ACPI: PM-Timer IO Port: 0x4008
[    0.000000] IOAPIC[0]: apic_id 2, version 32, address 0xfec00000, GSI 0-23
[    0.000000] ACPI: INT_SRC_OVR (bus 0 bus_irq 0 global_irq 2 dfl dfl)
[    0.000000] ACPI: INT_SRC_OVR (bus 0 bus_irq 9 global_irq 9 low level)
[    0.000000] Using ACPI (MADT) for SMP configuration information
[    0.000000] smpboot: Allowing 2 CPUs, 0 hotplug CPUs
[    0.000000] PM: Registered nosave memory: [mem 0x00000000-0x00000fff]
[    0.000000] PM: Registered nosave memory: [mem 0x0009f000-0x0009ffff]
[    0.000000] PM: Registered nosave memory: [mem 0x000a0000-0x000effff]
[    0.000000] PM: Registered nosave memory: [mem 0x000f0000-0x000fffff]
[    0.000000] e820: [mem 0x80000000-0xfebfffff] available for PCI devices
[    0.000000] Booting paravirtualized kernel on KVM
[    0.000000] clocksource: refined-jiffies: mask: 0xffffffff max_cycles: 0xffffffff, max_idle_ns: 7645519600211568 ns
[    0.000000] setup_percpu: NR_CPUS:8192 nr_cpumask_bits:2 nr_cpu_ids:2 nr_node_ids:1
[    0.000000] percpu: Embedded 50 pages/cpu s167936 r8192 d28672 u1048576
[    0.000000] PV qspinlock hash table entries: 256 (order: 0, 4096 bytes)
[    0.000000] Built 1 zonelists, mobility grouping on.  Total pages: 515961
[    0.000000] Policy zone: DMA32
[    0.000000] Kernel command line: BOOT_IMAGE=/boot/vmlinuz-4.15.0-212-generic root=LABEL=cloudimg-rootfs ro console=tty1 console=ttyS0
[    0.000000] Memory: 2014836K/2096696K available (12300K kernel code, 2477K rwdata, 4324K rodata, 2480K init, 2720K bss, 81860K reserved, 0K cma-reserved)
[    0.000000] SLUB: HWalign=64, Order=0-3, MinObjects=0, CPUs=2, Nodes=1
[    0.000000] ftrace: allocating 39508 entries in 155 pages
[    0.004000] Hierarchical RCU implementation.
[    0.004000] 	RCU restricting CPUs from NR_CPUS=8192 to nr_cpu_ids=2.
[    0.004000] 	Tasks RCU enabled.
[    0.004000] RCU: Adjusting geometry for rcu_fanout_leaf=16, nr_cpu_ids=2
[    0.004000] NR_IRQS: 524544, nr_irqs: 440, preallocated irqs: 16
[    0.004000] random: crng init done
[    0.004000] Console: colour VGA+ 80x25
[    0.004000] console [tty1] enabled
[    0.004000] console [ttyS0] enabled
[    0.004000] ACPI: Core revision 20170831
[    0.004000] ACPI: 2 ACPI AML tables successfully acquired and loaded
[    0.004000] APIC: Switch to symmetric I/O mode setup
[    0.004000] x2apic enabled
[    0.004000] Switched APIC routing to physical x2apic.
[    0.004000] ..TIMER: vector=0x30 apic1=0 pin1=2 apic2=-1 pin2=-1
[    0.004000] tsc: Detected 3693.044 MHz processor
[    0.004000] Calibrating delay loop (skipped) preset value.. 7386.08 BogoMIPS (lpj=14772176)
[    0.004000] pid_max: default: 32768 minimum: 301
[    0.004000] Security Framework initialized
[    0.004000] Yama: becoming mindful.
[    0.004000] AppArmor: AppArmor initialized
[    0.004000] Dentry cache hash table entries: 262144 (order: 9, 2097152 bytes)
[    0.004000] Inode-cache hash table entries: 131072 (order: 8, 1048576 bytes)
[    0.004000] Mount-cache hash table entries: 4096 (order: 3, 32768 bytes)
[    0.004000] Mountpoint-cache hash table entries: 4096 (order: 3, 32768 bytes)
[    0.004000] Last level iTLB entries: 4KB 512, 2MB 512, 4MB 256
[    0.004000] Last level dTLB entries: 4KB 2048, 2MB 2048, 4MB 1024, 1GB 0
[    0.004000] Spectre V1 : Mitigation: usercopy/swapgs barriers and __user pointer sanitization
[    0.004000] Spectre V2 : Mitigation: Retpolines
[    0.004000] Spectre V2 : Spectre v2 / SpectreRSB mitigation: Filling RSB on context switch
[    0.004000] Spectre V2 : Spectre v2 / SpectreRSB : Filling RSB on VMEXIT
[    0.004000] Freeing SMP alternatives memory: 36K
[    0.118518] APIC calibration not consistent with PM-Timer: 104ms instead of 100ms
[    0.119198] APIC delta adjusted to PM-Timer: 6351147 (6656450)
[    0.119720] smpboot: CPU0: AMD Ryzen 9 5900X 12-Core Processor (family: 0x19, model: 0x21, stepping: 0x0)
[    0.120000] Performance Events: PMU not available due to virtualization, using software events only.
[    0.120000] Hierarchical SRCU implementation.
[    0.120000] NMI watchdog: Perf event create on CPU 0 failed with -2
[    0.120000] NMI watchdog: Perf NMI watchdog permanently disabled
[    0.120000] smp: Bringing up secondary CPUs ...
[    0.120053] x86: Booting SMP configuration:
[    0.120475] .... node  #0, CPUs:      #1
[    0.004000] kvm-clock: cpu 1, msr 0:7ff44041, secondary cpu clock
[    0.123583] smp: Brought up 1 node, 2 CPUs
[    0.123583] smpboot: Max logical packages: 1
[    0.123583] smpboot: Total of 2 processors activated (14772.17 BogoMIPS)
[    0.124032] devtmpfs: initialized
[    0.124356] x86/mm: Memory block size: 128MB
[    0.124871] evm: security.selinux
[    0.125214] evm: security.SMACK64
[    0.125535] evm: security.SMACK64EXEC
[    0.125908] evm: security.SMACK64TRANSMUTE
[    0.126305] evm: security.SMACK64MMAP
[    0.126658] evm: security.apparmor
[    0.127004] evm: security.ima
[    0.127310] evm: security.capability
[    0.128036] clocksource: jiffies: mask: 0xffffffff max_cycles: 0xffffffff, max_idle_ns: 7645041785100000 ns
[    0.129161] futex hash table entries: 512 (order: 3, 32768 bytes)
[    0.130027] pinctrl core: initialized pinctrl subsystem
[    0.130857] RTC time:  9:50:11, date: 06/25/23
[    0.131592] NET: Registered protocol family 16
[    0.132056] audit: initializing netlink subsys (disabled)
[    0.132797] audit: type=2000 audit(1687686615.727:1): state=initialized audit_enabled=0 res=1
[    0.133039] cpuidle: using governor ladder
[    0.133039] cpuidle: using governor menu
[    0.136027] ACPI: bus type PCI registered
[    0.136027] acpiphp: ACPI Hot Plug PCI Controller Driver version: 0.5
[    0.136812] PCI: Using configuration type 1 for base access
[    0.137568] PCI: Using configuration type 1 for extended access
[    0.140018] HugeTLB registered 2.00 MiB page size, pre-allocated 0 pages
[    0.140051] ACPI: Added _OSI(Module Device)
[    0.140647] ACPI: Added _OSI(Processor Device)
[    0.141265] ACPI: Added _OSI(3.0 _SCP Extensions)
[    0.141920] ACPI: Added _OSI(Processor Aggregator Device)
[    0.142661] ACPI: Added _OSI(Linux-Dell-Video)
[    0.143286] ACPI: Added _OSI(Linux-Lenovo-NV-HDMI-Audio)
[    0.144003] ACPI: Added _OSI(Linux-HPI-Hybrid-Graphics)
[    0.144893] ACPI: Executed 1 blocks of module-level executable AML code
[    0.148902] ACPI: Interpreter enabled
[    0.149444] ACPI: (supports S0 S5)
[    0.149937] ACPI: Using IOAPIC for interrupt routing
[    0.150801] PCI: Using host bridge windows from ACPI; if necessary, use "pci=nocrs" and report a bug
[    0.152000] ACPI: Enabled 2 GPEs in block 00 to 07
[    0.156752] ACPI: PCI Root Bridge [PCI0] (domain 0000 [bus 00-ff])
[    0.157633] acpi PNP0A03:00: _OSC: OS supports [ExtendedConfig ASPM ClockPM Segments MSI]
[    0.159520] acpi PNP0A03:00: _OSC: platform does not support [PCIeCapability]
[    0.160364] acpi PNP0A03:00: _OSC: not requesting control; platform does not support [PCIeCapability]
[    0.161604] acpi PNP0A03:00: _OSC: OS requested [PCIeHotplug PME AER PCIeCapability]
[    0.162664] acpi PNP0A03:00: _OSC: platform willing to grant [PCIeHotplug PME AER]
[    0.164000] acpi PNP0A03:00: _OSC failed (AE_SUPPORT); disabling ASPM
[    0.164244] PCI host bridge to bus 0000:00
[    0.164846] pci_bus 0000:00: root bus resource [io  0x0000-0x0cf7 window]
[    0.165795] pci_bus 0000:00: root bus resource [io  0x0d00-0xffff window]
[    0.166720] pci_bus 0000:00: root bus resource [mem 0x000a0000-0x000bffff window]
[    0.168002] pci_bus 0000:00: root bus resource [mem 0x80000000-0xfdffffff window]
[    0.169077] pci_bus 0000:00: root bus resource [bus 00-ff]
[    0.170909] pci 0000:00:01.1: legacy IDE quirk: reg 0x10: [io  0x01f0-0x01f7]
[    0.172002] pci 0000:00:01.1: legacy IDE quirk: reg 0x14: [io  0x03f6]
[    0.172886] pci 0000:00:01.1: legacy IDE quirk: reg 0x18: [io  0x0170-0x0177]
[    0.173859] pci 0000:00:01.1: legacy IDE quirk: reg 0x1c: [io  0x0376]
[    0.181949] pci 0000:00:07.0: quirk: [io  0x4000-0x403f] claimed by PIIX4 ACPI
[    0.182889] pci 0000:00:07.0: quirk: [io  0x4100-0x410f] claimed by PIIX4 SMB
[    0.188155] ACPI: PCI Interrupt Link [LNKA] (IRQs 5 9 10 *11)
[    0.188879] ACPI: PCI Interrupt Link [LNKB] (IRQs 5 9 *10 11)
[    0.189494] ACPI: PCI Interrupt Link [LNKC] (IRQs 5 *9 10 11)
[    0.190099] ACPI: PCI Interrupt Link [LNKD] (IRQs 5 9 10 *11)
[    0.190833] SCSI subsystem initialized
[    0.191210] pci 0000:00:02.0: vgaarb: setting as boot VGA device
[    0.191210] pci 0000:00:02.0: vgaarb: VGA device added: decodes=io+mem,owns=io+mem,locks=none
[    0.192005] pci 0000:00:02.0: vgaarb: bridge control possible
[    0.192549] vgaarb: loaded
[    0.192813] ACPI: bus type USB registered
[    0.193201] usbcore: registered new interface driver usbfs
[    0.193672] usbcore: registered new interface driver hub
[    0.194177] usbcore: registered new device driver usb
[    0.194648] EDAC MC: Ver: 3.0.0
[    0.196026] PCI: Using ACPI for IRQ routing
[    0.196126] NetLabel: Initializing
[    0.196447] NetLabel:  domain hash size = 128
[    0.196826] NetLabel:  protocols = UNLABELED CIPSOv4 CALIPSO
[    0.197362] NetLabel:  unlabeled traffic allowed by default
[    0.197863] clocksource: Switched to clocksource kvm-clock
[    0.202403] VFS: Disk quotas dquot_6.6.0
[    0.202797] VFS: Dquot-cache hash table entries: 512 (order 0, 4096 bytes)
[    0.203488] AppArmor: AppArmor Filesystem Enabled
[    0.203950] pnp: PnP ACPI init
[    0.204685] pnp: PnP ACPI: found 3 devices
[    0.211547] clocksource: acpi_pm: mask: 0xffffff max_cycles: 0xffffff, max_idle_ns: 2085701024 ns
[    0.212342] NET: Registered protocol family 2
[    0.212785] IP idents hash table entries: 32768 (order: 6, 262144 bytes)
[    0.213521] TCP established hash table entries: 16384 (order: 5, 131072 bytes)
[    0.214186] TCP bind hash table entries: 16384 (order: 6, 262144 bytes)
[    0.215100] TCP: Hash tables configured (established 16384 bind 16384)
[    0.215677] UDP hash table entries: 1024 (order: 3, 32768 bytes)
[    0.216247] UDP-Lite hash table entries: 1024 (order: 3, 32768 bytes)
[    0.216797] NET: Registered protocol family 1
[    0.217202] pci 0000:00:00.0: Limiting direct PCI/PCI transfers
[    0.217729] pci 0000:00:01.0: Activating ISA DMA hang workarounds
[    0.218273] pci 0000:00:02.0: Video device with shadowed ROM at [mem 0x000c0000-0x000dffff]
[    0.219082] Unpacking initramfs...
[    0.365232] Freeing initrd memory: 19528K
[    0.365715] clocksource: tsc: mask: 0xffffffffffffffff max_cycles: 0x6a7755dc1d3, max_idle_ns: 881591048559 ns
[    0.366603] platform rtc_cmos: registered platform RTC device (no PNP device found)
[    0.367719] Scanning for low memory corruption every 60 seconds
[    0.368688] Initialise system trusted keyrings
[    0.369113] Key type blacklist registered
[    0.369538] workingset: timestamp_bits=36 max_order=19 bucket_order=0
[    0.370532] zbud: loaded
[    0.371065] squashfs: version 4.0 (2009/01/31) Phillip Lougher
[    0.371731] fuse init (API version 7.26)
[    0.373636] Key type asymmetric registered
[    0.374035] Asymmetric key parser 'x509' registered
[    0.374515] Block layer SCSI generic (bsg) driver version 0.4 loaded (major 246)
[    0.375255] io scheduler noop registered
[    0.375642] io scheduler deadline registered
[    0.376107] io scheduler cfq registered (default)
[    0.376717] ACPI: AC Adapter [AC] (on-line)
[    0.377154] input: Power Button as /devices/LNXSYSTM:00/LNXPWRBN:00/input/input0
[    0.377895] ACPI: Power Button [PWRF]
[    0.378271] input: Sleep Button as /devices/LNXSYSTM:00/LNXSLPBN:00/input/input1
[    0.378968] ACPI: Sleep Button [SLPF]
[    0.379494] Serial: 8250/16550 driver, 32 ports, IRQ sharing enabled
[    0.400282] 00:02: ttyS0 at I/O 0x3f8 (irq = 4, base_baud = 115200) is a 16550A
[    0.402105] Linux agpgart interface v0.103
[    0.403200] loop: module loaded
[    0.403778] scsi host0: ata_piix
[    0.404215] scsi host1: ata_piix
[    0.404550] ata1: PATA max UDMA/33 cmd 0x1f0 ctl 0x3f6 bmdma 0xd000 irq 14
[    0.405170] ata2: PATA max UDMA/33 cmd 0x170 ctl 0x376 bmdma 0xd008 irq 15
[    0.405945] tun: Universal TUN/TAP device driver, 1.6
[    0.406475] PPP generic driver version 2.4.2
[    0.406898] ehci_hcd: USB 2.0 'Enhanced' Host Controller (EHCI) Driver
[    0.407463] ehci-pci: EHCI PCI platform driver
[    0.407877] ehci-platform: EHCI generic platform driver
[    0.408391] ohci_hcd: USB 1.1 'Open' Host Controller (OHCI) Driver
[    0.409001] ohci-pci: OHCI PCI platform driver
[    0.409442] ohci-platform: OHCI generic platform driver
[    0.409947] uhci_hcd: USB Universal Host Controller Interface driver
[    0.410571] i8042: PNP: PS/2 Controller [PNP0303:PS2K,PNP0f03:PS2M] at 0x60,0x64 irq 1,12
[    0.411601] serio: i8042 KBD port at 0x60,0x64 irq 1
[    0.412121] serio: i8042 AUX port at 0x60,0x64 irq 12
[    0.412664] mousedev: PS/2 mouse device common for all mice
[    0.413496] input: AT Translated Set 2 keyboard as /devices/platform/i8042/serio0/input/input2
[    0.414404] rtc_cmos rtc_cmos: rtc core: registered rtc_cmos as rtc0
[    0.415027] rtc_cmos rtc_cmos: alarms up to one day, 114 bytes nvram
[    0.415575] i2c /dev entries driver
[    0.415925] device-mapper: uevent: version 1.0.3
[    0.416465] device-mapper: ioctl: 4.37.0-ioctl (2017-09-20) initialised: dm-devel@redhat.com
[    0.417301] ledtrig-cpu: registered to indicate activity on CPUs
[    0.418080] NET: Registered protocol family 10
[    0.420378] Segment Routing with IPv6
[    0.420754] NET: Registered protocol family 17
[    0.421221] Key type dns_resolver registered
[    0.421733] mce: Using 0 MCE banks
[    0.422074] RAS: Correctable Errors collector initialized.
[    0.422577] sched_clock: Marking stable (421718109, 0)->(518461844, -96743735)
[    0.423450] registered taskstats version 1
[    0.423860] Loading compiled-in X.509 certificates
[    0.425424] Loaded X.509 cert 'Build time autogenerated kernel key: b5b26778eaa3ab3a4a6cee031137706e947d12ad'
[    0.426626] Loaded X.509 cert 'Canonical Ltd. Live Patch Signing: 14df34d1a87cf37625abec039ef2bf521249b969'
[    0.427821] Loaded X.509 cert 'Canonical Ltd. Kernel Module Signing: 88f752e560a1e0737e31163a466ad7b70a850c19'
[    0.428751] blacklist: Loading compiled-in revocation X.509 certificates
[    0.429374] Loaded X.509 cert 'Canonical Ltd. Secure Boot Signing: 61482aa2830d0ab2ad5af10b7250da9033ddcef0'
[    0.430257] Loaded X.509 cert 'Canonical Ltd. Secure Boot Signing (2017): 242ade75ac4a15e50d50c84b0d45ff3eae707a03'
[    0.431198] Loaded X.509 cert 'Canonical Ltd. Secure Boot Signing (ESM 2018): 365188c1d374d6b07c3c8f240f8ef722433d6a8b'
[    0.432176] Loaded X.509 cert 'Canonical Ltd. Secure Boot Signing (2019): c0746fd6c5da3ae827864651ad66ae47fe24b3e8'
[    0.433122] Loaded X.509 cert 'Canonical Ltd. Secure Boot Signing (2021 v1): a8d54bbb3825cfb94fa13c9f8a594a195c107b8d'
[    0.434068] Loaded X.509 cert 'Canonical Ltd. Secure Boot Signing (2021 v2): 4cf046892d6fd3c9a5b03f98d845f90851dc6a8c'
[    0.434999] Loaded X.509 cert 'Canonical Ltd. Secure Boot Signing (2021 v3): 100437bb6de6e469b581e61cd66bce3ef4ed53af'
[    0.435967] Loaded X.509 cert 'Canonical Ltd. Secure Boot Signing (Ubuntu Core 2019): c1d57b8f6b743f23ee41f4f7ee292f06eecadfb9'
[    0.436988] zswap: loaded using pool lzo/zbud
[    0.438935] Key type big_key registered
[    0.439324] Key type trusted registered
[    0.440468] Key type encrypted registered
[    0.440855] AppArmor: AppArmor sha1 policy hashing enabled
[    0.441364] ima: No TPM chip found, activating TPM-bypass! (rc=-19)
[    0.441938] ima: Allocated hash algorithm: sha1
[    0.442359] evm: HMAC attrs: 0x1
[    0.442769]   Magic number: 11:619:829
[    0.443190] rtc_cmos rtc_cmos: setting system clock to 2023-06-25 09:50:11 UTC (1687686611)
[    0.444019] BIOS EDD facility v0.16 2004-Jun-25, 0 devices found
[    0.444611] EDD information not available.
[    0.591078] Freeing unused kernel image memory: 2480K
[    0.604082] Write protecting the kernel read-only data: 20480k
[    0.605337] Freeing unused kernel image memory: 2008K
[    0.606257] Freeing unused kernel image memory: 1820K
[    0.613037] x86/mm: Checked W+X mappings: passed, no W+X pages found.
Loading, please wait...
starting version 237
[    0.663289] Fusion MPT base driver 3.04.20
[    0.663933] Copyright (c) 1999-2008 LSI Corporation
[    0.664831] e1000: Intel(R) PRO/1000 Network Driver - version 7.3.21-k8-NAPI
[    0.665713] e1000: Copyright (c) 1999-2006 Intel Corporation.
[    0.668230] Fusion MPT SPI Host driver 3.04.20
[    0.683357] AVX2 version of gcm_enc/dec engaged.
[    0.683984] AES CTR mode by8 optimization enabled
[    0.875179] input: ImExPS/2 Generic Explorer Mouse as /devices/platform/i8042/serio1/input/input4
[    0.985776] e1000 0000:00:03.0 eth0: (PCI:33MHz:32-bit) 02:3b:7b:b7:3b:2d
[    0.986182] e1000 0000:00:03.0 eth0: Intel(R) PRO/1000 Network Connection
[    1.301846] e1000 0000:00:08.0 eth1: (PCI:33MHz:32-bit) 08:00:27:4e:d4:65
[    1.302262] e1000 0000:00:08.0 eth1: Intel(R) PRO/1000 Network Connection
[    1.303807] e1000 0000:00:03.0 enp0s3: renamed from eth0
[    1.304269] mptbase: ioc0: Initiating bringup
[    1.323803] e1000 0000:00:08.0 enp0s8: renamed from eth1
[    1.400221] ioc0: LSI53C1030 A0: Capabilities={Initiator}
[    1.641397] scsi host2: ioc0: LSI53C1030 A0, FwRev=00000000h, Ports=1, MaxQ=256, IRQ=20
[    2.701083] scsi 2:0:0:0: Direct-Access     VBOX     HARDDISK         1.0  PQ: 0 ANSI: 5
[    2.840136] scsi target2:0:0: Beginning Domain Validation
[    2.841836] scsi target2:0:0: Domain Validation skipping write tests
[    2.842930] scsi target2:0:0: Ending Domain Validation
[    2.843888] scsi target2:0:0: asynchronous
[    2.844941] scsi 2:0:1:0: Direct-Access     VBOX     HARDDISK         1.0  PQ: 0 ANSI: 5
[    2.984086] scsi target2:0:1: Beginning Domain Validation
[    2.985984] scsi target2:0:1: Domain Validation skipping write tests
[    2.986801] scsi target2:0:1: Ending Domain Validation
[    2.987517] scsi target2:0:1: asynchronous
[    2.991463] sd 2:0:0:0: [sda] 83886080 512-byte logical blocks: (42.9 GB/40.0 GiB)
[    2.992549] sd 2:0:0:0: Attached scsi generic sg0 type 0
[    2.993481] sd 2:0:0:0: [sda] Write Protect is off
[    2.994511] sd 2:0:0:0: [sda] Incomplete mode parameter data
[    2.995458] sd 2:0:0:0: [sda] Assuming drive cache: write through
[    2.996943] sd 2:0:1:0: [sdb] 20480 512-byte logical blocks: (10.5 MB/10.0 MiB)
[    2.998018] sd 2:0:1:0: Attached scsi generic sg1 type 0
[    2.998744] sd 2:0:1:0: [sdb] Write Protect is off
[    2.999601] sd 2:0:1:0: [sdb] Incomplete mode parameter data
[    3.000469] sd 2:0:1:0: [sdb] Assuming drive cache: write through
[    3.001532]  sda: sda1
[    3.003362] sd 2:0:0:0: [sda] Attached SCSI disk
[    3.005473] sd 2:0:1:0: [sdb] Attached SCSI disk
Begin: Loading essential drivers ... [    4.372093] raid6: sse2x1   gen()  7685 MB/s
[    4.420078] raid6: sse2x1   xor() 14101 MB/s
[    4.468081] raid6: sse2x2   gen() 15351 MB/s
[    4.516082] raid6: sse2x2   xor() 17460 MB/s
[    4.564078] raid6: sse2x4   gen() 24476 MB/s
[    4.612079] raid6: sse2x4   xor() 11100 MB/s
[    4.660080] raid6: avx2x1   gen() 18017 MB/s
[    4.708079] raid6: avx2x1   xor() 28161 MB/s
[    4.756086] raid6: avx2x2   gen() 37071 MB/s
[    4.804079] raid6: avx2x2   xor() 35204 MB/s
[    4.852079] raid6: avx2x4   gen() 40389 MB/s
[    4.900079] raid6: avx2x4   xor() 16281 MB/s
[    4.900617] raid6: using algorithm avx2x4 gen() 40389 MB/s
[    4.901137] raid6: .... xor() 16281 MB/s, rmw enabled
[    4.901650] raid6: using avx2x2 recovery algorithm
[    4.903487] xor: automatically using best checksumming function   avx       
[    4.905405] async_tx: api initialized (async)
done.
Begin: Running /scripts/init-premount ... done.
Begin: Mounting root file system ... Begin: Running /scripts/local-top ... done.
Begin: Running /scripts/local-premount ... [    4.937811] Btrfs loaded, crc32c=crc32c-intel
Scanning for Btrfs filesystems
done.
Warning: fsck not present, so skipping root file system
[    4.964496] EXT4-fs (sda1): mounted filesystem with ordered data mode. Opts: (null)
done.
Begin: Running /scripts/local-bottom ... done.
Begin: Running /scripts/init-bottom ... done.
[    5.075046] ip_tables: (C) 2000-2006 Netfilter Core Team
[    5.080443] systemd[1]: systemd 237 running in system mode. (+PAM +AUDIT +SELINUX +IMA +APPARMOR +SMACK +SYSVINIT +UTMP +LIBCRYPTSETUP +GCRYPT +GNUTLS +ACL +XZ +LZ4 +SECCOMP +BLKID +ELFUTILS +KMOD -IDN2 +IDN -PCRE2 default-hierarchy=hybrid)
[    5.082511] systemd[1]: Detected virtualization oracle.
[    5.083073] systemd[1]: Detected architecture x86-64.

Welcome to [1mUbuntu 18.04.6 LTS[0m!

[    5.086956] systemd[1]: Set hostname to <ubuntu>.
[    5.088585] systemd[1]: Initializing machine ID from random generator.
[    5.089246] systemd[1]: Installed transient /etc/machine-id file.
[    5.256760] systemd[1]: Created slice User and Session Slice.
[[0;32m  OK  [0m] Created slice User and Session Slice.
[    5.257848] systemd[1]: Reached target User and Group Name Lookups.
[[0;32m  OK  [0m] Reached target User and Group Name Lookups.
[    5.258876] systemd[1]: Reached target System Time Synchronized.
[[0;32m  OK  [0m] Reached target System Time Synchronized.
[    5.260014] systemd[1]: Set up automount Arbitrary Executable File Formats File System Automount Point.
[[0;32m  OK  [0m] Set up automount Arbitrary Executab…rmats File System Automount Point.
[[0;32m  OK  [0m] Reached target Mounting snaps.
[[0;32m  OK  [0m] Reached target Swap.
[[0;32m  OK  [0m] Created slice System Slice.
[[0;32m  OK  [0m] Listening on Device-mapper event daemon FIFOs.
[[0;32m  OK  [0m] Listening on LVM2 metadata daemon socket.
[[0;32m  OK  [0m] Listening on Network Service Netlink Socket.
[[0;32m  OK  [0m] Listening on /dev/initctl Compatibility Named Pipe.
[[0;32m  OK  [0m] Listening on Syslog Socket.
[[0;32m  OK  [0m] Listening on udev Control Socket.
[[0;32m  OK  [0m] Listening on LVM2 poll daemon socket.
[[0;32m  OK  [0m] Reached target Slices.
[[0;32m  OK  [0m] Listening on Journal Socket (/dev/log).
[[0;32m  OK  [0m] Created slice system-serial\x2dgetty.slice.
[[0;32m  OK  [0m] Listening on udev Kernel Socket.
[[0;32m  OK  [0m] Listening on Journal Audit Socket.
[[0;32m  OK  [0m] Listening on Journal Socket.
         Starting Monitoring of LVM2 mirrors…ng dmeventd or progress polling...
         Mounting Huge Pages File System...
         Starting Set the console keyboard layout...
         Starting Load Kernel Modules...
         Mounting POSIX Message Queue File System...
         Starting Journal Service...
         Mounting Kernel Debug File System...
         Starting Uncomplicated firewall...
[[0;32m  OK  [0m] Reached target Mounted snaps.
         Starting Create list of required st…ce nodes for the current kernel...
         Starting udev Coldplug all Devices...
[[0;32m  OK  [0m] Started Forward Password Requests to Wall Directory Watch.
[[0;32m  OK  [0m] Listening on fsck to fsckd communication Socket.
         Starting File System Check on Root Device...
[[0;32m  OK  [0m] Mounted Huge Pages File System.
[[0;32m  OK  [0m] Mounted POSIX Message Queue File System.
[[0;32m  OK  [0m] Mounted Kernel Debug File System.
[[0;32m  OK  [0m] Started LVM2 metadata daemon.
[    5.314455] Loading iSCSI transport class v2.0-870.
[    5.317672] iscsi: registered transport (tcp)
[    5.326569] iscsi: registered transport (iser)
[[0;32m  OK  [0m] Started Load Kernel Modules.
         Starting Apply Kernel Variables...
         Mounting Kernel Configuration File System...
         Mounting FUSE Control File System...
[[0;32m  OK  [0m] Started Uncomplicated firewall.
[[0;32m  OK  [0m] Mounted Kernel Configuration File System.
[[0;32m  OK  [0m] Mounted FUSE Control File System.
[[0;32m  OK  [0m] Started Journal Service.
[[0;32m  OK  [0m] Started Create list of required sta…vice nodes for the current kernel.
         Starting Create Static Device Nodes in /dev...
[[0;32m  OK  [0m] Started File System Check Daemon to report status.
[[0;32m  OK  [0m] Started udev Coldplug all Devices.
[[0;32m  OK  [0m] Started Create Static Device Nodes in /dev.
[[0;32m  OK  [0m] Started File System Check on Root Device.
         Starting Remount Root and Kernel File Systems...
[[0;32m  OK  [0m] Started Monitoring of LVM2 mirrors,…sing dmeventd or progress polling.
[[0;32m  OK  [0m] Started Apply Kernel Variables.
[[0;32m  OK  [0m] Started Remount Root and Kernel File Systems.
         Starting udev Kernel Device Manager...
         Starting Flush Journal to Persistent Storage...
         Starting Load/Save Random Seed...
[[0;32m  OK  [0m] Started Load/Save Random Seed.
[[0;32m  OK  [0m] Started udev Kernel Device Manager.
[[0;32m  OK  [0m] Started Flush Journal to Persistent Storage.
[[0;32m  OK  [0m] Found device /dev/ttyS0.
[[0;32m  OK  [0m] Listening on Load/Save RF Kill Switch Status /dev/rfkill Watch.
         Mounting Arbitrary Executable File Formats File System...
[[0;32m  OK  [0m] Mounted Arbitrary Executable File Formats File System.
[[0;32m  OK  [0m] Started Set the console keyboard layout.
[[0;32m  OK  [0m] Reached target Local File Systems (Pre).
[[0;32m  OK  [0m] Reached target Local File Systems.
         Starting Commit a transient machine-id on disk...
         Starting Create Volatile Files and Directories...
         Starting Tell Plymouth To Write Out Runtime Data...
         Starting Set console font and keymap...
         Starting AppArmor initialization...
         Starting ebtables ruleset management...
[[0;32m  OK  [0m] Started Dispatch Password Requests to Console Directory Watch.
[[0;32m  OK  [0m] Reached target Local Encrypted Volumes.
[[0;32m  OK  [0m] Started Tell Plymouth To Write Out Runtime Data.
[[0;32m  OK  [0m] Started Commit a transient machine-id on disk.
[[0;32m  OK  [0m] Started Create Volatile Files and Directories.
         Starting Update UTMP about System Boot/Shutdown...
[[0;32m  OK  [0m] Started Update UTMP about System Boot/Shutdown.
[[0;32m  OK  [0m] Started ebtables ruleset management.
[[0;32m  OK  [0m] Started Set console font and keymap.
[[0;32m  OK  [0m] Started AppArmor initialization.
         Starting Load AppArmor profiles managed internally by snapd...
         Starting Initial cloud-init job (pre-networking)...
[[0;32m  OK  [0m] Started Load AppArmor profiles managed internally by snapd.
[    6.953157] cloud-init[794]: Cloud-init v. 23.1.2-0ubuntu0~18.04.1 running 'init-local' at Sun, 25 Jun 2023 09:50:17 +0000. Up 6.77 seconds.
[[0;32m  OK  [0m] Started Initial cloud-init job (pre-networking).
[[0;32m  OK  [0m] Reached target Network (Pre).
         Starting Network Service...
[[0;32m  OK  [0m] Started Network Service.
         Starting Wait for Network to be Configured...
         Starting Network Name Resolution...
[[0;32m  OK  [0m] Started Network Name Resolution.
[[0;32m  OK  [0m] Reached target Host and Network Name Lookups.
[[0;32m  OK  [0m] Reached target Network.
[[0;32m  OK  [0m] Started Wait for Network to be Configured.
         Starting Initial cloud-init job (metadata service crawler)...
[    8.999558] cloud-init[929]: Cloud-init v. 23.1.2-0ubuntu0~18.04.1 running 'init' at Sun, 25 Jun 2023 09:50:19 +0000. Up 8.92 seconds.
[    9.000791] cloud-init[929]: ci-info: ++++++++++++++++++++++++++++++++++++++Net device info+++++++++++++++++++++++++++++++++++++++
[    9.001235] cloud-init[929]: ci-info: +--------+-------+----------------------------+---------------+--------+-------------------+
[    9.001847] cloud-init[929]: ci-info: | Device |   Up  |          Address           |      Mask     | Scope  |     Hw-Address    |
[    9.002296] cloud-init[929]: ci-info: +--------+-------+----------------------------+---------------+--------+-------------------+
[    9.002752] cloud-init[929]: ci-info: | enp0s3 |  True |         10.0.2.15          | 255.255.255.0 | global | 02:3b:7b:b7:3b:2d |
[    9.003183] cloud-init[929]: ci-info: | enp0s3 |  True | fe80::3b:7bff:feb7:3b2d/64 |       .       |  link  | 02:3b:7b:b7:3b:2d |
[    9.003614] cloud-init[929]: ci-info: | enp0s8 | False |             .              |       .       |   .    | 08:00:27:4e:d4:65 |
[    9.004079] cloud-init[929]: ci-info: |   lo   |  True |         127.0.0.1          |   255.0.0.0   |  host  |         .         |
[    9.004552] cloud-init[929]: ci-info: |   lo   |  True |          ::1/128           |       .       |  host  |         .         |
[    9.004996] cloud-init[929]: ci-info: +--------+-------+----------------------------+---------------+--------+-------------------+
[    9.005450] cloud-init[929]: ci-info: ++++++++++++++++++++++++++++Route IPv4 info+++++++++++++++++++++++++++++
[    9.005831] cloud-init[929]: ci-info: +-------+-------------+----------+-----------------+-----------+-------+
[    9.006224] cloud-init[929]: ci-info: | Route | Destination | Gateway  |     Genmask     | Interface | Flags |
[    9.006625] cloud-init[929]: ci-info: +-------+-------------+----------+-----------------+-----------+-------+
[    9.007006] cloud-init[929]: ci-info: |   0   |   0.0.0.0   | 10.0.2.2 |     0.0.0.0     |   enp0s3  |   UG  |
[    9.007399] cloud-init[929]: ci-info: |   1   |   10.0.2.0  | 0.0.0.0  |  255.255.255.0  |   enp0s3  |   U   |
[    9.007783] cloud-init[929]: ci-info: |   2   |   10.0.2.2  | 0.0.0.0  | 255.255.255.255 |   enp0s3  |   UH  |
[    9.008202] cloud-init[929]: ci-info: +-------+-------------+----------+-----------------+-----------+-------+
[    9.008592] cloud-init[929]: ci-info: +++++++++++++++++++Route IPv6 info+++++++++++++++++++
[    9.008931] cloud-init[929]: ci-info: +-------+-------------+---------+-----------+-------+
[    9.009267] cloud-init[929]: ci-info: | Route | Destination | Gateway | Interface | Flags |
[    9.009605] cloud-init[929]: ci-info: +-------+-------------+---------+-----------+-------+
[    9.009950] cloud-init[929]: ci-info: |   1   |  fe80::/64  |    ::   |   enp0s3  |   U   |
[    9.010299] cloud-init[929]: ci-info: |   3   |    local    |    ::   |   enp0s3  |   U   |
[    9.010640] cloud-init[929]: ci-info: |   4   |   ff00::/8  |    ::   |   enp0s3  |   U   |
[    9.010977] cloud-init[929]: ci-info: +-------+-------------+---------+-----------+-------+
[    9.691754] cloud-init[929]: Generating public/private rsa key pair.
[    9.692141] cloud-init[929]: Your identification has been saved in /etc/ssh/ssh_host_rsa_key.
[    9.692590] cloud-init[929]: Your public key has been saved in /etc/ssh/ssh_host_rsa_key.pub.
[    9.693014] cloud-init[929]: The key fingerprint is:
[    9.693274] cloud-init[929]: SHA256:G4pawT85GJx4v7wjMeP63skTwcjb0QG4PmJGtz4bYIc root@ubuntu-bionic
[    9.693638] cloud-init[929]: The key's randomart image is:
[    9.693904] cloud-init[929]: +---[RSA 2048]----+
[    9.694147] cloud-init[929]: |     ...         |
[    9.694389] cloud-init[929]: |    .   .        |
[    9.694633] cloud-init[929]: |   . + . .       |
[    9.694879] cloud-init[929]: |  .==.+ .        |
[    9.695128] cloud-init[929]: | .EoO+ oS        |
[    9.695376] cloud-init[929]: | .++OBoo o       |
[    9.695620] cloud-init[929]: | o +==B..        |
[    9.695865] cloud-init[929]: |   o==o=         |
[    9.696117] cloud-init[929]: |  o+++B+         |
[    9.696527] cloud-init[929]: +----[SHA256]-----+
[    9.696817] cloud-init[929]: Generating public/private dsa key pair.
[    9.697151] cloud-init[929]: Your identification has been saved in /etc/ssh/ssh_host_dsa_key.
[    9.697553] cloud-init[929]: Your public key has been saved in /etc/ssh/ssh_host_dsa_key.pub.
[    9.697962] cloud-init[929]: The key fingerprint is:
[    9.698240] cloud-init[929]: SHA256:wtjuj5rz8MsQOyADETlb1PGvQ9sn6w2++694NjyJ6UM root@ubuntu-bionic
[    9.698628] cloud-init[929]: The key's randomart image is:
[    9.698898] cloud-init[929]: +---[DSA 1024]----+
[    9.699149] cloud-init[929]: |o+....           |
[    9.699394] cloud-init[929]: |o.. ..           |
[    9.699639] cloud-init[929]: |.+    .          |
[    9.699886] cloud-init[929]: |o    + .         |
[    9.700162] cloud-init[929]: |o . o = S        |
[    9.700431] cloud-init[929]: | o . = =E        |
[    9.700672] cloud-init[929]: |    = =.++..     |
[    9.700913] cloud-init[929]: |    .O ++BB      |
[    9.701144] cloud-init[929]: |    o+B=XB+=.    |
[    9.701360] cloud-init[929]: +----[SHA256]-----+
[    9.701584] cloud-init[929]: Generating public/private ecdsa key pair.
[    9.701834] cloud-init[929]: Your identification has been saved in /etc/ssh/ssh_host_ecdsa_key.
[    9.702127] cloud-init[929]: Your public key has been saved in /etc/ssh/ssh_host_ecdsa_key.pub.
[    9.702421] cloud-init[929]: The key fingerprint is:
[    9.702633] cloud-init[929]: SHA256:+nSeHz+AvmuOWo9h3vlN8ZapgJrgK9JlPHIroxL+tUs root@ubuntu-bionic
[    9.702931] cloud-init[929]: The key's randomart image is:
[    9.703162] cloud-init[929]: +---[ECDSA 256]---+
[    9.703375] cloud-init[929]: |                 |
[    9.703602] cloud-init[929]: |                 |
[    9.703830] cloud-init[929]: |                 |
[    9.704101] cloud-init[929]: |                 |
[    9.704322] cloud-init[929]: |    .   S  .  .  |
[    9.704551] cloud-init[929]: |.  . * .  o .  oo|
[    9.704785] cloud-init[929]: |... =E+ =o.....oo|
[    9.705029] cloud-init[929]: |.o =+.o*oOoo.=o. |
[    9.705277] cloud-init[929]: |..+.+=++=oX=o.o. |
[    9.705533] cloud-init[929]: +----[SHA256]-----+
[    9.705772] cloud-init[929]: Generating public/private ed25519 key pair.
[    9.716422] cloud-init[929]: Your identification has been saved in /etc/ssh/ssh_host_ed25519_key.
[    9.716936] cloud-init[929]: Your public key has been saved in /etc/ssh/ssh_host_ed25519_key.pub.
[    9.717341] cloud-init[929]: The key fingerprint is:
[    9.717646] cloud-init[929]: SHA256:dV4mOKJ04VV0RBB2WXbMM4bU/MQmETelNJ2i5QLjWW4 root@ubuntu-bionic
[    9.718005] cloud-init[929]: The key's randomart image is:
[    9.718276] cloud-init[929]: +--[ED25519 256]--+
[    9.718521] cloud-init[929]: |        . .oB*&@O|
[[0;32m  OK  [0m] Started Initial cloud-init job (metadata service crawler).
[[0;32m  OK  [0m] Reached target Cloud-config availability.
[[0;32m  OK  [0m] Reached target Network is Online.
[    9.720255] cloud-init[929]: |       . = + Bo%X|
[    9.720531] cloud-init[929]: |      . = X * *++|
[    9.720783] cloud-init[929]: |     . o = E =  .|
[    9.721033]          Starting Availability of block devices...
[[0;32m  OK  [0m] Reached target Remote File Systems (Pre).
[[0;32m  OK  [0m] Reached target Remote File Systems.
[[0;32m  OK  [0m] Reached target System Initialization.
[[0;32m  OK  [0m] Listening on D-Bus System Message Bus Socket.
[[0;32m  OK  [0m] Listening on ACPID Listen Socket.
[[0;32m  OK  [0m] Started Daily Cleanup of Temporary Directories.
cloud-init[929]: |      . S . o    |
[    9.722561] cloud-init[929]: |                 |         Starting LXD - unix socket.
[[0;32m  OK  [0m] Listening on Open-iSCSI iscsid Socket.
[[0;32m  OK  [0m] Started ACPI Events Check.
[[0;32m  OK  [0m] Listening on UUID daemon activation socket.
[[0;32m  OK  [0m] Listening on cloud-init hotplug hook socket.
[[0;32m  OK  [0m] Started Daily apt download activities.
[[0;32m  OK  [0m] Started Daily apt upgrade and clean activities.
[[0;32m  OK  [0m] Reached target Paths.
[[0;32m  OK  [0m] Started Ubuntu Advantage Timer for running repeated jobs.
[[0;32m  OK  [0m] Started Discard unused blocks once a week.
[[0;32m  OK  [0m] Started Message of the Day.
[[0;32m  OK  [0m] Reached target Timers.
         Starting Socket activation for snappy daemon.
[[0;32m  OK  [0m] Listening on Socket activation for snappy daemon.
[[0;32m  OK  [0m] Listening on LXD - unix socket.
[[0;32m  OK  [0m] Reached target Sockets.
[[0;32m  OK  [0m] Reached target Basic System.
         Starting Virtualbox guest utils...

         Starting Dispatcher daemon for systemd-networkd...
[[0;32m  OK  [0m] Started D-Bus System Message Bus.
[    9.728804] cloud-init[929]: |                 |
[    9.732139] cloud-init[929]: |                 |
[    9.732508] cloud-init[929]: |                 |
[    9.732807] cloud-init[929]: +----[SHA256]-----+
         Starting Permit User Sessions...
         Starting Login Service...
         Starting Snap Daemon...
         Starting Pollinate to seed the pseudo random number generator...
[[0;32m  OK  [0m] Started Regular background program processing daemon.
         Starting LSB: automatic crash report generation...
[[0;32m  OK  [0m] Started irqbalance daemon.
[[0;32m  OK  [0m] Reached target Login Prompts (Pre).
[[0;32m  OK  [0m] Started FUSE filesystem for LXC.
         Starting Accounts Service...
[[0;32m  OK  [0m] Started Deferred execution scheduler.
         Starting System Logging Service...
         Starting LSB: Record successful boot for GRUB...
         Starting LXD - container startup/shutdown...
[[0;32m  OK  [0m] Started Availability of block devices.
[[0;32m  OK  [0m] Started Permit User Sessions.
         Starting Hold until boot process finishes up...
         Starting Terminate Plymouth Boot Screen...
[[0;32m  OK  [0m] Started Login Service.
[[0;32m  OK  [0m] Started Unattended Upgrades Shutdown.
[[0;32m  OK  [0m] Started Hold until boot process finishes up.
         Starting Set console scheme...
[[0;32m  OK  [0m] Started Serial Getty on ttyS0.
[[0;32m  OK  [0m] Started Terminate Plymouth Boot Screen.
[[0;32m  OK  [0m] Started LSB: automatic crash report generation.
[[0;32m  OK  [0m] Started System Logging Service.
[[0;32m  OK  [0m] Started Set console scheme.
[[0;32m  OK  [0m] Created slice system-getty.slice.
[[0;32m  OK  [0m] Started Getty on tty1.
[[0;32m  OK  [0m] Reached target Login Prompts.
         Starting Authorization Manager...
[[0;32m  OK  [0m] Started Virtualbox guest utils.
[[0;32m  OK  [0m] Started Authorization Manager.
[[0;32m  OK  [0m] Started Accounts Service.
[[0;32m  OK  [0m] Started LSB: Record successful boot for GRUB.
[[0;32m  OK  [0m] Started LXD - container startup/shutdown.
[[0;32m  OK  [0m] Started Dispatcher daemon for systemd-networkd.
[[0;32m  OK  [0m] Started Snap Daemon.
         Starting Wait until snapd is fully seeded...
[[0;32m  OK  [0m] Started Pollinate to seed the pseudo random number generator.
         Starting OpenBSD Secure Shell server...
         Starting Time & Date Service...
[[0;32m  OK  [0m] Started OpenBSD Secure Shell server.
[[0;32m  OK  [0m] Started Time & Date Service.
[[0;32m  OK  [0m] Started Wait until snapd is fully seeded.
         Starting Apply the settings specified in cloud-config...
[[0;32m  OK  [0m] Created slice User Slice of vagrant.
         Starting User Manager for UID 1000...
[[0;32m  OK  [0m] Started Session 1 of user vagrant.
[[0;32m  OK  [0m] Started User Manager for UID 1000.
[   12.647997] cloud-init[1467]: Cloud-init v. 23.1.2-0ubuntu0~18.04.1 running 'modules:config' at Sun, 25 Jun 2023 09:50:23 +0000. Up 12.32 seconds.
[[0;32m  OK  [0m] Started Apply the settings specified in cloud-config.
[[0;32m  OK  [0m] Reached target Multi-User System.
[[0;32m  OK  [0m] Reached target Graphical Interface.
         Starting Update UTMP about System Runlevel Changes...
         Starting Execute cloud user/final scripts...
[[0;32m  OK  [0m] Started Update UTMP about System Runlevel Changes.
ci-info: no authorized SSH keys fingerprints found for user ubuntu.
<14>Jun 25 09:50:24 cloud-init: #############################################################
<14>Jun 25 09:50:24 cloud-init: -----BEGIN SSH HOST KEY FINGERPRINTS-----
<14>Jun 25 09:50:24 cloud-init: 1024 SHA256:wtjuj5rz8MsQOyADETlb1PGvQ9sn6w2++694NjyJ6UM root@ubuntu-bionic (DSA)
<14>Jun 25 09:50:24 cloud-init: 256 SHA256:+nSeHz+AvmuOWo9h3vlN8ZapgJrgK9JlPHIroxL+tUs root@ubuntu-bionic (ECDSA)
<14>Jun 25 09:50:24 cloud-init: 256 SHA256:dV4mOKJ04VV0RBB2WXbMM4bU/MQmETelNJ2i5QLjWW4 root@ubuntu-bionic (ED25519)
<14>Jun 25 09:50:24 cloud-init: 2048 SHA256:G4pawT85GJx4v7wjMeP63skTwcjb0QG4PmJGtz4bYIc root@ubuntu-bionic (RSA)
<14>Jun 25 09:50:24 cloud-init: -----END SSH HOST KEY FINGERPRINTS-----
<14>Jun 25 09:50:24 cloud-init: #############################################################
-----BEGIN SSH HOST KEY KEYS-----
ecdsa-sha2-nistp256 AAAAE2VjZHNhLXNoYTItbmlzdHAyNTYAAAAIbmlzdHAyNTYAAABBBCSQH8ILgv8YOoMs00eqy9+34nIX6wwXGk0Pxcu+TYID6ItOVekMyvHOYzfCm7XLwltQ0JVdeSVoj7Boe9ZVgpY= root@ubuntu-bionic
ssh-ed25519 AAAAC3NzaC1lZDI1NTE5AAAAIBUj13a/TPrvTlIHhSP39T6fXdGnzhQNLgM1ClxhVWQV root@ubuntu-bionic
ssh-rsa AAAAB3NzaC1yc2EAAAADAQABAAABAQCeihA2nHyU7F+ZJBvQn538VmHheq7DBoSL71i0wmTptOp171egkG7dyrWhl0ps2kSSYIX51KVQzlKFfL++fpFuDulbJc5ry+ZAO3iBbUCTnW5StVHHi1sjhtMobYrlevdHAvYvJm3MVaefPcn0AUGS7WK6B3s5YN6xEJAWnXGUMNtaKEoPAX/RG/xFIVTy+FPy0IO8d5nUTXOcX43NupBdNh7v2ClPVrIvSMuiuDvHHU/DmXZzwBpiG0l0Cy0oDvIC/Kqb32A2m7bZFgD+thrnOrAO/HZ38NHfrfnDBrOuwshkLfUIayHeHWMTosoRE8nGXnqu+hN+vQ+C7rJE2k6N root@ubuntu-bionic
-----END SSH HOST KEY KEYS-----
[   13.056046] cloud-init[1575]: Cloud-init v. 23.1.2-0ubuntu0~18.04.1 running 'modules:final' at Sun, 25 Jun 2023 09:50:23 +0000. Up 12.91 seconds.
[   13.056602] cloud-init[1575]: Cloud-init v. 23.1.2-0ubuntu0~18.04.1 finished at Sun, 25 Jun 2023 09:50:24 +0000. Datasource DataSourceNoCloud [seed=/dev/sdb][dsmode=net].  Up 13.05 seconds
[[0;32m  OK  [0m] Started Execute cloud user/final scripts.
[[0;32m  OK  [0m] Reached target Cloud-init target.

Ubuntu 18.04.6 LTS ubuntu-bionic ttyS0

ubuntu-bionic login: 