[    0.000000] Initializing cgroup subsys cpuset
[    0.000000] Initializing cgroup subsys cpu
[    0.000000] Initializing cgroup subsys cpuacct
[    0.000000] Linux version 4.4.0-210-generic (buildd@lgw01-amd64-009) (gcc version 5.4.0 20160609 (Ubuntu 5.4.0-6ubuntu1~16.04.12) ) #242-Ubuntu SMP Fri Apr 16 09:57:56 UTC 2021 (Ubuntu 4.4.0-210.242-generic 4.4.262)
[    0.000000] Command line: BOOT_IMAGE=/boot/vmlinuz-4.4.0-210-generic root=LABEL=cloudimg-rootfs ro console=tty1 console=ttyS0
[    0.000000] KERNEL supported cpus:
[    0.000000]   Intel GenuineIntel
[    0.000000]   AMD AuthenticAMD
[    0.000000]   Centaur CentaurHauls
[    0.000000] [Firmware Bug]: TSC doesn't count with P0 frequency!
[    0.000000] x86/fpu: xstate_offset[2]:  576, xstate_sizes[2]:  256
[    0.000000] x86/fpu: Supporting XSAVE feature 0x01: 'x87 floating point registers'
[    0.000000] x86/fpu: Supporting XSAVE feature 0x02: 'SSE registers'
[    0.000000] x86/fpu: Supporting XSAVE feature 0x04: 'AVX registers'
[    0.000000] x86/fpu: Enabled xstate features 0x7, context size is 832 bytes, using 'standard' format.
[    0.000000] e820: BIOS-provided physical RAM map:
[    0.000000] BIOS-e820: [mem 0x0000000000000000-0x000000000009fbff] usable
[    0.000000] BIOS-e820: [mem 0x000000000009fc00-0x000000000009ffff] reserved
[    0.000000] BIOS-e820: [mem 0x00000000000f0000-0x00000000000fffff] reserved
[    0.000000] BIOS-e820: [mem 0x0000000000100000-0x000000001f3effff] usable
[    0.000000] BIOS-e820: [mem 0x000000001f3f0000-0x000000001f3fffff] ACPI data
[    0.000000] BIOS-e820: [mem 0x00000000fec00000-0x00000000fec00fff] reserved
[    0.000000] BIOS-e820: [mem 0x00000000fee00000-0x00000000fee00fff] reserved
[    0.000000] BIOS-e820: [mem 0x00000000fffc0000-0x00000000ffffffff] reserved
[    0.000000] NX (Execute Disable) protection: active
[    0.000000] SMBIOS 2.5 present.
[    0.000000] Hypervisor detected: KVM
[    0.000000] Kernel/User page tables isolation: disabled
[    0.000000] e820: last_pfn = 0x1f3f0 max_arch_pfn = 0x400000000
[    0.000000] MTRR: Disabled
[    0.000000] x86/PAT: MTRRs disabled, skipping PAT initialization too.
[    0.000000] CPU MTRRs all blank - virtualized system.
[    0.000000] x86/PAT: Configuration [0-7]: WB  WT  UC- UC  WB  WT  UC- UC  
[    0.000000] found SMP MP-table at [mem 0x0009fff0-0x0009ffff] mapped at [ffff88000009fff0]
[    0.000000] Scanning 1 areas for low memory corruption
[    0.000000] RAMDISK: [mem 0x1dcc2000-0x1eb4bfff]
[    0.000000] ACPI: Early table checksum verification disabled
[    0.000000] ACPI: RSDP 0x00000000000E0000 000024 (v02 VBOX  )
[    0.000000] ACPI: XSDT 0x000000001F3F0030 00003C (v01 VBOX   VBOXXSDT 00000001 ASL  00000061)
[    0.000000] ACPI: FACP 0x000000001F3F00F0 0000F4 (v04 VBOX   VBOXFACP 00000001 ASL  00000061)
[    0.000000] ACPI: DSDT 0x000000001F3F0470 002325 (v02 VBOX   VBOXBIOS 00000002 INTL 20200925)
[    0.000000] ACPI: FACS 0x000000001F3F0200 000040
[    0.000000] ACPI: FACS 0x000000001F3F0200 000040
[    0.000000] ACPI: APIC 0x000000001F3F0240 00005C (v02 VBOX   VBOXAPIC 00000001 ASL  00000061)
[    0.000000] ACPI: SSDT 0x000000001F3F02A0 0001CC (v01 VBOX   VBOXCPUT 00000002 INTL 20200925)
[    0.000000] No NUMA configuration found
[    0.000000] Faking a node at [mem 0x0000000000000000-0x000000001f3effff]
[    0.000000] NODE_DATA(0) allocated [mem 0x1f3eb000-0x1f3effff]
[    0.000000] kvm-clock: Using msrs 4b564d01 and 4b564d00
[    0.000000] kvm-clock: cpu 0, msr 0:1f3e3001, primary cpu clock
[    0.000000] kvm-clock: using sched offset of 2886579829 cycles
[    0.000000] clocksource: kvm-clock: mask: 0xffffffffffffffff max_cycles: 0x1cd42e4dffb, max_idle_ns: 881590591483 ns
[    0.000000] Zone ranges:
[    0.000000]   DMA      [mem 0x0000000000001000-0x0000000000ffffff]
[    0.000000]   DMA32    [mem 0x0000000001000000-0x000000001f3effff]
[    0.000000]   Normal   empty
[    0.000000]   Device   empty
[    0.000000] Movable zone start for each node
[    0.000000] Early memory node ranges
[    0.000000]   node   0: [mem 0x0000000000001000-0x000000000009efff]
[    0.000000]   node   0: [mem 0x0000000000100000-0x000000001f3effff]
[    0.000000] Initmem setup node 0 [mem 0x0000000000001000-0x000000001f3effff]
[    0.000000] ACPI: PM-Timer IO Port: 0x4008
[    0.000000] IOAPIC[0]: apic_id 2, version 32, address 0xfec00000, GSI 0-23
[    0.000000] ACPI: INT_SRC_OVR (bus 0 bus_irq 0 global_irq 2 dfl dfl)
[    0.000000] ACPI: INT_SRC_OVR (bus 0 bus_irq 9 global_irq 9 low level)
[    0.000000] Using ACPI (MADT) for SMP configuration information
[    0.000000] smpboot: Allowing 2 CPUs, 0 hotplug CPUs
[    0.000000] PM: Registered nosave memory: [mem 0x00000000-0x00000fff]
[    0.000000] PM: Registered nosave memory: [mem 0x0009f000-0x0009ffff]
[    0.000000] PM: Registered nosave memory: [mem 0x000a0000-0x000effff]
[    0.000000] PM: Registered nosave memory: [mem 0x000f0000-0x000fffff]
[    0.000000] e820: [mem 0x1f400000-0xfebfffff] available for PCI devices
[    0.000000] Booting paravirtualized kernel on KVM
[    0.000000] clocksource: refined-jiffies: mask: 0xffffffff max_cycles: 0xffffffff, max_idle_ns: 7645519600211568 ns
[    0.000000] setup_percpu: NR_CPUS:512 nr_cpumask_bits:512 nr_cpu_ids:2 nr_node_ids:1
[    0.000000] PERCPU: Embedded 33 pages/cpu @ffff88001f000000 s95192 r8192 d31784 u1048576
[    0.000000] Built 1 zonelists in Node order, mobility grouping on.  Total pages: 125864
[    0.000000] Policy zone: DMA32
[    0.000000] Kernel command line: BOOT_IMAGE=/boot/vmlinuz-4.4.0-210-generic root=LABEL=cloudimg-rootfs ro console=tty1 console=ttyS0
[    0.000000] PID hash table entries: 2048 (order: 2, 16384 bytes)
[    0.000000] Memory: 469424K/511544K available (8644K kernel code, 1332K rwdata, 4044K rodata, 1492K init, 1164K bss, 42120K reserved, 0K cma-reserved)
[    0.000000] SLUB: HWalign=64, Order=0-3, MinObjects=0, CPUs=2, Nodes=1
[    0.000000] Hierarchical RCU implementation.
[    0.000000] 	Build-time adjustment of leaf fanout to 64.
[    0.000000] 	RCU restricting CPUs from NR_CPUS=512 to nr_cpu_ids=2.
[    0.000000] RCU: Adjusting geometry for rcu_fanout_leaf=64, nr_cpu_ids=2
[    0.000000] NR_IRQS:33024 nr_irqs:440 16
[    0.000000] Console: colour VGA+ 80x25
[    0.000000] console [tty1] enabled
[    0.000000] console [ttyS0] enabled
[    0.000000] tsc: Detected 3693.044 MHz processor
[    0.065158] Calibrating delay loop (skipped) preset value.. 7386.08 BogoMIPS (lpj=14772176)
[    0.066054] pid_max: default: 32768 minimum: 301
[    0.066540] ACPI: Core revision 20150930
[    0.067428] ACPI: 2 ACPI AML tables successfully acquired and loaded
[    0.068095] Security Framework initialized
[    0.068544] Yama: becoming mindful.
[    0.068950] AppArmor: AppArmor initialized
[    0.069418] Dentry cache hash table entries: 65536 (order: 7, 524288 bytes)
[    0.070102] Inode-cache hash table entries: 32768 (order: 6, 262144 bytes)
[    0.070757] Mount-cache hash table entries: 1024 (order: 1, 8192 bytes)
[    0.071370] Mountpoint-cache hash table entries: 1024 (order: 1, 8192 bytes)
[    0.072096] Initializing cgroup subsys io
[    0.072535] Initializing cgroup subsys memory
[    0.072984] Initializing cgroup subsys devices
[    0.073445] Initializing cgroup subsys freezer
[    0.073916] Initializing cgroup subsys net_cls
[    0.074375] Initializing cgroup subsys perf_event
[    0.074857] Initializing cgroup subsys net_prio
[    0.075324] Initializing cgroup subsys hugetlb
[    0.075782] Initializing cgroup subsys pids
[    0.076395] mce: CPU supports 0 MCE banks
[    0.076849] Last level iTLB entries: 4KB 512, 2MB 512, 4MB 256
[    0.077401] Last level dTLB entries: 4KB 2048, 2MB 2048, 4MB 1024, 1GB 0
[    0.078012] Spectre V1 : Mitigation: usercopy/swapgs barriers and __user pointer sanitization
[    0.078667] Spectre V2 : Spectre mitigation: LFENCE not serializing, switching to generic retpoline
[    0.079426] Spectre V2 : Mitigation: Full generic retpoline
[    0.079843] Spectre V2 : Spectre v2 / SpectreRSB mitigation: Filling RSB on context switch
[    0.081927] Freeing SMP alternatives memory: 36K
[    0.085842] ftrace: allocating 32380 entries in 127 pages
[    0.117240] smpboot: APIC(0) Converting physical 0 to logical package 0
[    0.117760] smpboot: Max logical packages: 1
[    0.118246] x2apic enabled
[    0.118627] Switched APIC routing to physical x2apic.
[    0.119652] ..TIMER: vector=0x30 apic1=0 pin1=2 apic2=-1 pin2=-1
[    0.228119] APIC calibration not consistent with PM-Timer: 114ms instead of 100ms
[    0.228755] APIC delta adjusted to PM-Timer: 6360590 (7310057)
[    0.229207] smpboot: CPU0: AMD Ryzen 9 5900X 12-Core Processor (family: 0x19, model: 0x21, stepping: 0x0)
[    0.230059] Performance Events: Broken PMU hardware detected, using software events only.
[    0.230744] Failed to access perfctr msr (MSR c0010007 is 0)
[    0.234970] KVM setup paravirtual spinlock
[    0.235835] x86: Booting SMP configuration:
[    0.236183] .... node  #0, CPUs:      #1
[    0.236588] kvm-clock: cpu 1, msr 0:1f3e3041, secondary cpu clock
[    0.237227] mce: CPU supports 0 MCE banks
[    0.239501] x86: Booted up 1 node, 2 CPUs
[    0.239936] smpboot: Total of 2 processors activated (14772.17 BogoMIPS)
[    0.240638] devtmpfs: initialized
[    0.242076] evm: security.selinux
[    0.242649] evm: security.SMACK64
[    0.243213] evm: security.SMACK64EXEC
[    0.243834] evm: security.SMACK64TRANSMUTE
[    0.244497] evm: security.SMACK64MMAP
[    0.245148] evm: security.ima
[    0.245719] evm: security.capability
[    0.246440] clocksource: jiffies: mask: 0xffffffff max_cycles: 0xffffffff, max_idle_ns: 7645041785100000 ns
[    0.247304] futex hash table entries: 512 (order: 3, 32768 bytes)
[    0.247812] pinctrl core: initialized pinctrl subsystem
[    0.248467] RTC time: 23:50:26, date: 06/27/23
[    0.249116] NET: Registered protocol family 16
[    0.260204] cpuidle: using governor ladder
[    0.268367] cpuidle: using governor menu
[    0.269015] PCCT header not found.
[    0.269834] ACPI: bus type PCI registered
[    0.270487] acpiphp: ACPI Hot Plug PCI Controller Driver version: 0.5
[    0.271438] PCI: Using configuration type 1 for base access
[    0.272229] PCI: Using configuration type 1 for extended access
[    0.281050] ACPI: Added _OSI(Module Device)
[    0.281726] ACPI: Added _OSI(Processor Device)
[    0.282387] ACPI: Added _OSI(3.0 _SCP Extensions)
[    0.282927] ACPI: Added _OSI(Processor Aggregator Device)
[    0.284082] ACPI: Executed 1 blocks of module-level executable AML code
[    0.286342] ACPI: Interpreter enabled
[    0.286979] ACPI: (supports S0 S5)
[    0.287450] ACPI: Using IOAPIC for interrupt routing
[    0.288090] PCI: Using host bridge windows from ACPI; if necessary, use "pci=nocrs" and report a bug
[    0.291491] ACPI: PCI Root Bridge [PCI0] (domain 0000 [bus 00-ff])
[    0.292316] acpi PNP0A03:00: _OSC: OS supports [ExtendedConfig ASPM ClockPM Segments MSI]
[    0.293554] acpi PNP0A03:00: _OSC: platform does not support [PCIeCapability]
[    0.294454] acpi PNP0A03:00: _OSC: not requesting control; platform does not support [PCIeCapability]
[    0.295457] acpi PNP0A03:00: _OSC: OS requested [PCIeHotplug PME AER PCIeCapability]
[    0.296332] acpi PNP0A03:00: _OSC: platform willing to grant [PCIeHotplug PME AER]
[    0.297202] acpi PNP0A03:00: _OSC failed (AE_SUPPORT); disabling ASPM
[    0.298019] PCI host bridge to bus 0000:00
[    0.305413] pci_bus 0000:00: root bus resource [io  0x0000-0x0cf7 window]
[    0.306347] pci_bus 0000:00: root bus resource [io  0x0d00-0xffff window]
[    0.307074] pci_bus 0000:00: root bus resource [mem 0x000a0000-0x000bffff window]
[    0.307974] pci_bus 0000:00: root bus resource [mem 0x1f400000-0xfdffffff window]
[    0.308877] pci_bus 0000:00: root bus resource [bus 00-ff]
[    0.310319] pci 0000:00:01.1: legacy IDE quirk: reg 0x10: [io  0x01f0-0x01f7]
[    0.311066] pci 0000:00:01.1: legacy IDE quirk: reg 0x14: [io  0x03f6]
[    0.311777] pci 0000:00:01.1: legacy IDE quirk: reg 0x18: [io  0x0170-0x0177]
[    0.312522] pci 0000:00:01.1: legacy IDE quirk: reg 0x1c: [io  0x0376]
[    0.318495] pci 0000:00:07.0: quirk: [io  0x4000-0x403f] claimed by PIIX4 ACPI
[    0.319405] pci 0000:00:07.0: quirk: [io  0x4100-0x410f] claimed by PIIX4 SMB
[    0.323158] ACPI: PCI Interrupt Link [LNKA] (IRQs 5 9 10 *11)
[    0.324310] ACPI: PCI Interrupt Link [LNKB] (IRQs 5 9 *10 11)
[    0.325095] ACPI: PCI Interrupt Link [LNKC] (IRQs 5 *9 10 11)
[    0.325883] ACPI: PCI Interrupt Link [LNKD] (IRQs 5 9 10 *11)
[    0.326691] ACPI: Enabled 2 GPEs in block 00 to 07
[    0.327378] vgaarb: setting as boot device: PCI:0000:00:02.0
[    0.327891] vgaarb: device added: PCI:0000:00:02.0,decodes=io+mem,owns=io+mem,locks=none
[    0.328678] vgaarb: loaded
[    0.329003] vgaarb: bridge control possible 0000:00:02.0
[    0.329636] SCSI subsystem initialized
[    0.330108] ACPI: bus type USB registered
[    0.330537] usbcore: registered new interface driver usbfs
[    0.331041] usbcore: registered new interface driver hub
[    0.331531] usbcore: registered new device driver usb
[    0.332158] PCI: Using ACPI for IRQ routing
[    0.332726] NetLabel: Initializing
[    0.333095] NetLabel:  domain hash size = 128
[    0.333518] NetLabel:  protocols = UNLABELED CIPSOv4
[    0.333994] NetLabel:  unlabeled traffic allowed by default
[    0.334581] amd_nb: Cannot enumerate AMD northbridges
[    0.335081] clocksource: Switched to clocksource kvm-clock
[    0.339253] AppArmor: AppArmor Filesystem Enabled
[    0.339861] pnp: PnP ACPI init
[    0.340635] pnp: PnP ACPI: found 3 devices
[    0.348087] clocksource: acpi_pm: mask: 0xffffff max_cycles: 0xffffff, max_idle_ns: 2085701024 ns
[    0.349169] NET: Registered protocol family 2
[    0.349696] TCP established hash table entries: 4096 (order: 3, 32768 bytes)
[    0.350279] TCP bind hash table entries: 4096 (order: 4, 65536 bytes)
[    0.350819] TCP: Hash tables configured (established 4096 bind 4096)
[    0.351367] UDP hash table entries: 256 (order: 1, 8192 bytes)
[    0.351867] UDP-Lite hash table entries: 256 (order: 1, 8192 bytes)
[    0.352421] NET: Registered protocol family 1
[    0.352867] pci 0000:00:00.0: Limiting direct PCI/PCI transfers
[    0.353413] pci 0000:00:01.0: Activating ISA DMA hang workarounds
[    0.354076] Unpacking initramfs...
[    0.480333] Freeing initrd memory: 14888K
[    0.480772] clocksource: tsc: mask: 0xffffffffffffffff max_cycles: 0x6a7755dc1d3, max_idle_ns: 881591048559 ns
[    0.481522] platform rtc_cmos: registered platform RTC device (no PNP device found)
[    0.482149] Scanning for low memory corruption every 60 seconds
[    0.483165] audit: initializing netlink subsys (disabled)
[    0.483592] audit: type=2000 audit(1687909830.824:1): initialized
[    0.484160] Initialise system trusted keyring
[    0.484614] HugeTLB registered 2 MB page size, pre-allocated 0 pages
[    0.485584] zbud: loaded
[    0.486023] VFS: Disk quotas dquot_6.6.0
[    0.486371] VFS: Dquot-cache hash table entries: 512 (order 0, 4096 bytes)
[    0.486934] squashfs: version 4.0 (2009/01/31) Phillip Lougher
[    0.487528] fuse init (API version 7.23)
[    0.487933] Key type big_key registered
[    0.488265] Allocating IMA MOK and blacklist keyrings.
[    0.489223] Key type asymmetric registered
[    0.489568] Asymmetric key parser 'x509' registered
[    0.489961] Block layer SCSI generic (bsg) driver version 0.4 loaded (major 249)
[    0.490579] io scheduler noop registered
[    0.490909] io scheduler deadline registered (default)
[    0.491334] io scheduler cfq registered
[    0.491694] pci_hotplug: PCI Hot Plug PCI Core version: 0.5
[    0.492101] pciehp: PCI Express Hot Plug Controller Driver version: 0.4
[    0.492611] ACPI: AC Adapter [AC] (on-line)
[    0.492969] input: Power Button as /devices/LNXSYSTM:00/LNXPWRBN:00/input/input0
[    0.493553] ACPI: Power Button [PWRF]
[    0.493904] input: Sleep Button as /devices/LNXSYSTM:00/LNXSLPBN:00/input/input1
[    0.494498] ACPI: Sleep Button [SLPF]
[    0.494913] GHES: HEST is not enabled!
[    0.495336] Serial: 8250/16550 driver, 32 ports, IRQ sharing enabled
[    0.515970] 00:02: ttyS0 at I/O 0x3f8 (irq = 4, base_baud = 115200) is a 16550A
[    0.517568] Linux agpgart interface v0.103
[    0.518819] loop: module loaded
[    0.519409] scsi host0: ata_piix
[    0.519791] scsi host1: ata_piix
[    0.520104] ata1: PATA max UDMA/33 cmd 0x1f0 ctl 0x3f6 bmdma 0xd000 irq 14
[    0.520584] ata2: PATA max UDMA/33 cmd 0x170 ctl 0x376 bmdma 0xd008 irq 15
[    0.521111] libphy: Fixed MDIO Bus: probed
[    0.521494] tun: Universal TUN/TAP device driver, 1.6
[    0.521887] tun: (C) 1999-2004 Max Krasnyansky <maxk@qualcomm.com>
[    0.522376] PPP generic driver version 2.4.2
[    0.522762] ehci_hcd: USB 2.0 'Enhanced' Host Controller (EHCI) Driver
[    0.523227] ehci-pci: EHCI PCI platform driver
[    0.523612] ehci-platform: EHCI generic platform driver
[    0.524015] ohci_hcd: USB 1.1 'Open' Host Controller (OHCI) Driver
[    0.524463] ohci-pci: OHCI PCI platform driver
[    0.524824] ohci-platform: OHCI generic platform driver
[    0.525224] uhci_hcd: USB Universal Host Controller Interface driver
[    0.525710] i8042: PNP: PS/2 Controller [PNP0303:PS2K,PNP0f03:PS2M] at 0x60,0x64 irq 1,12
[    0.526682] serio: i8042 KBD port at 0x60,0x64 irq 1
[    0.527085] serio: i8042 AUX port at 0x60,0x64 irq 12
[    0.527590] mousedev: PS/2 mouse device common for all mice
[    0.528306] input: AT Translated Set 2 keyboard as /devices/platform/i8042/serio0/input/input2
[    0.529147] rtc_cmos rtc_cmos: rtc core: registered rtc_cmos as rtc0
[    0.529651] rtc_cmos rtc_cmos: alarms up to one day, 114 bytes nvram
[    0.530117] i2c /dev entries driver
[    0.530450] device-mapper: uevent: version 1.0.3
[    0.530870] device-mapper: ioctl: 4.34.0-ioctl (2015-10-28) initialised: dm-devel@redhat.com
[    0.531557] ledtrig-cpu: registered to indicate activity on CPUs
[    0.532226] NET: Registered protocol family 10
[    0.532725] NET: Registered protocol family 17
[    0.533097] Key type dns_resolver registered
[    0.533646] registered taskstats version 1
[    0.534002] Loading compiled-in X.509 certificates
[    0.534681] Loaded X.509 cert 'Build time autogenerated kernel key: cf00e047681d67edb2720680708b7d9498083038'
[    0.535450] zswap: loaded using pool lzo/zbud
[    0.536736] Key type trusted registered
[    0.538566] Key type encrypted registered
[    0.538919] AppArmor: AppArmor sha1 policy hashing enabled
[    0.539372] ima: No TPM chip found, activating TPM-bypass!
[    0.539797] ima: Allocated hash algorithm: sha1
[    0.540170] evm: HMAC attrs: 0x1
[    0.540603]   Magic number: 11:259:859
[    0.540972] rtc_cmos rtc_cmos: setting system clock to 2023-06-27 23:50:26 UTC (1687909826)
[    0.541691] BIOS EDD facility v0.16 2004-Jun-25, 0 devices found
[    0.542141] EDD information not available.
[    0.699348] Freeing unused kernel memory: 1492K
[    0.699761] Write protecting the kernel read-only data: 14336k
[    0.700464] Freeing unused kernel memory: 1584K
[    0.700909] Freeing unused kernel memory: 52K
Loading, please wait...
starting version 229
[    0.707439] random: systemd-udevd: uninitialized urandom read (16 bytes read, 2 bits of entropy available)
[    0.707865] random: udevadm: uninitialized urandom read (16 bytes read, 2 bits of entropy available)
[    0.707883] random: udevadm: uninitialized urandom read (16 bytes read, 2 bits of entropy available)
[    0.710690] random: systemd-udevd: uninitialized urandom read (16 bytes read, 2 bits of entropy available)
[    0.711830] random: systemd-udevd: uninitialized urandom read (16 bytes read, 2 bits of entropy available)
[    0.712845] random: systemd-udevd: uninitialized urandom read (16 bytes read, 2 bits of entropy available)
[    0.714461] random: udevadm: uninitialized urandom read (16 bytes read, 2 bits of entropy available)
[    0.714484] random: systemd-udevd: uninitialized urandom read (16 bytes read, 2 bits of entropy available)
[    0.714500] random: systemd-udevd: uninitialized urandom read (16 bytes read, 2 bits of entropy available)
[    0.714510] random: systemd-udevd: uninitialized urandom read (16 bytes read, 2 bits of entropy available)
[    0.742428] e1000: Intel(R) PRO/1000 Network Driver - version 7.3.21-k8-NAPI
[    0.743119] e1000: Copyright (c) 1999-2006 Intel Corporation.
[    0.744180] Fusion MPT base driver 3.04.20
[    0.744565] Copyright (c) 1999-2008 LSI Corporation
[    0.746753] Fusion MPT SPI Host driver 3.04.20
[    0.757945] AVX2 version of gcm_enc/dec engaged.
[    0.758355] AES CTR mode by8 optimization enabled
[    0.957723] input: ImExPS/2 Generic Explorer Mouse as /devices/platform/i8042/serio1/input/input4
[    1.048790] e1000 0000:00:03.0 eth0: (PCI:33MHz:32-bit) 02:be:82:6b:cc:1d
[    1.049300] e1000 0000:00:03.0 eth0: Intel(R) PRO/1000 Network Connection
[    1.050041] mptbase: ioc0: Initiating bringup
[    1.159355] ioc0: LSI53C1030 A0: Capabilities={Initiator}
[    1.319912] scsi host2: ioc0: LSI53C1030 A0, FwRev=00000000h, Ports=1, MaxQ=256, IRQ=20
[    1.431375] scsi 2:0:0:0: Direct-Access     VBOX     HARDDISK         1.0  PQ: 0 ANSI: 5
[    1.432180] scsi target2:0:0: Beginning Domain Validation
[    1.437448] scsi target2:0:0: Domain Validation skipping write tests
[    1.437951] scsi target2:0:0: Ending Domain Validation
[    1.438385] scsi target2:0:0: asynchronous
[    1.438918] scsi 2:0:1:0: Direct-Access     VBOX     HARDDISK         1.0  PQ: 0 ANSI: 5
[    1.439726] scsi target2:0:1: Beginning Domain Validation
[    1.440639] scsi target2:0:1: Domain Validation skipping write tests
[    1.441095] scsi target2:0:1: Ending Domain Validation
[    1.441502] scsi target2:0:1: asynchronous
[    1.443962] sd 2:0:0:0: Attached scsi generic sg0 type 0
[    1.444048] sd 2:0:0:0: [sda] 83886080 512-byte logical blocks: (42.9 GB/40.0 GiB)
[    1.444097] sd 2:0:0:0: [sda] Write Protect is off
[    1.444132] sd 2:0:0:0: [sda] Incomplete mode parameter data
[    1.444133] sd 2:0:0:0: [sda] Assuming drive cache: write through
[    1.446516] sd 2:0:1:0: Attached scsi generic sg1 type 0
[    1.446573] sd 2:0:1:0: [sdb] 20480 512-byte logical blocks: (10.5 MB/10.0 MiB)
[    1.446625] sd 2:0:1:0: [sdb] Write Protect is off
[    1.446656] sd 2:0:1:0: [sdb] Incomplete mode parameter data
[    1.446657] sd 2:0:1:0: [sdb] Assuming drive cache: write through
[    1.448369]  sda: sda1
[    1.448779] sd 2:0:0:0: [sda] Attached SCSI disk
[    1.449239] sd 2:0:1:0: [sdb] Attached SCSI disk
[    1.737043] e1000 0000:00:08.0 eth1: (PCI:33MHz:32-bit) 08:00:27:ba:66:d8
[    1.737625] e1000 0000:00:08.0 eth1: Intel(R) PRO/1000 Network Connection
[    1.738886] e1000 0000:00:08.0 enp0s8: renamed from eth1
[    1.751496] e1000 0000:00:03.0 enp0s3: renamed from eth0
Begin: Loading essential drivers ... [    3.098435] md: linear personality registered for level -1
[    3.099984] md: multipath personality registered for level -4
[    3.101491] md: raid0 personality registered for level 0
[    3.103566] md: raid1 personality registered for level 1
[    3.171168] raid6: sse2x1   gen()  8311 MB/s
[    3.239179] raid6: sse2x1   xor() 14093 MB/s
[    3.307163] raid6: sse2x2   gen() 14455 MB/s
[    3.375159] raid6: sse2x2   xor() 18959 MB/s
[    3.443161] raid6: sse2x4   gen() 23582 MB/s
[    3.511170] raid6: sse2x4   xor() 13006 MB/s
[    3.579168] raid6: avx2x1   gen() 20485 MB/s
[    3.647116] raid6: avx2x2   gen() 39177 MB/s
[    3.715160] raid6: avx2x4   gen() 41289 MB/s
[    3.715548] raid6: using algorithm avx2x4 gen() 41289 MB/s
[    3.715972] raid6: using avx2x2 recovery algorithm
[    3.716992] xor: automatically using best checksumming function:
[    3.755340]    avx       : 13756.000 MB/sec
[    3.756482] async_tx: api initialized (async)
[    3.761268] md: raid6 personality registered for level 6
[    3.761686] md: raid5 personality registered for level 5
[    3.762087] md: raid4 personality registered for level 4
[    3.765387] md: raid10 personality registered for level 10
done.
Begin: Running /scripts/init-premount ... done.
Begin: Mounting root file system ... Begin: Running /scripts/local-top ... done.
Begin: Running /scripts/local-premount ... [    3.782829] Btrfs loaded
Scanning for Btrfs filesystems
done.
Warning: fsck not present, so skipping root file system
[    3.799127] EXT4-fs (sda1): mounted filesystem with ordered data mode. Opts: (null)
done.
Begin: Running /scripts/local-bottom ... done.
Begin: Running /scripts/init-bottom ... done.
[    3.853829] systemd[1]: systemd 229 running in system mode. (+PAM +AUDIT +SELINUX +IMA +APPARMOR +SMACK +SYSVINIT +UTMP +LIBCRYPTSETUP +GCRYPT +GNUTLS +ACL +XZ -LZ4 +SECCOMP +BLKID +ELFUTILS +KMOD -IDN)
[    3.855097] systemd[1]: Detected virtualization oracle.
[    3.855513] systemd[1]: Detected architecture x86-64.

Welcome to [1mUbuntu 16.04.7 LTS[0m!

[    3.857204] systemd[1]: Set hostname to <ubuntu>.
[    3.858663] systemd[1]: Initializing machine ID from random generator.
[    3.859163] systemd[1]: Installed transient /etc/machine-id file.
[    3.934951] systemd[1]: Listening on Journal Audit Socket.
[[0;32m  OK  [0m] Listening on Journal Audit Socket.
[    3.935765] systemd[1]: Reached target Swap.
[[0;32m  OK  [0m] Reached target Swap.
[    3.936416] systemd[1]: Listening on LVM2 poll daemon socket.
[[0;32m  OK  [0m] Listening on LVM2 poll daemon socket.
[    3.937178] systemd[1]: Listening on udev Control Socket.
[[0;32m  OK  [0m] Listening on udev Control Socket.
[    3.937921] systemd[1]: Listening on Device-mapper event daemon FIFOs.
[[0;32m  OK  [0m] Listening on Device-mapper event daemon FIFOs.
[    3.938728] systemd[1]: Reached target System Time Synchronized.
[[0;32m  OK  [0m] Reached target System Time Synchronized.
[    3.939529] systemd[1]: Listening on Journal Socket (/dev/log).
[[0;32m  OK  [0m] Listening on Journal Socket (/dev/log).
[    3.940296] systemd[1]: Listening on Syslog Socket.
[[0;32m  OK  [0m] Listening on Syslog Socket.
[    3.940992] systemd[1]: Listening on udev Kernel Socket.
[[0;32m  OK  [0m] Listening on udev Kernel Socket.
[    3.941752] systemd[1]: Listening on /dev/initctl Compatibility Named Pipe.
[[0;32m  OK  [0m] Listening on /dev/initctl Compatibility Named Pipe.
[    3.942596] systemd[1]: Listening on LVM2 metadata daemon socket.
[[0;32m  OK  [0m] Listening on LVM2 metadata daemon socket.
[    3.943401] systemd[1]: Listening on Journal Socket.
[[0;32m  OK  [0m] Listening on Journal Socket.
[    3.944109] systemd[1]: Started Trigger resolvconf update for networkd DNS.
[[0;32m  OK  [0m] Started Trigger resolvconf update for networkd DNS.
[    3.945087] systemd[1]: Created slice System Slice.
[[0;32m  OK  [0m] Created slice System Slice.
[    3.945898] systemd[1]: Created slice system-serial\x2dgetty.slice.
[[0;32m  OK  [0m] Created slice system-serial\x2dgetty.slice.
[    3.959231] systemd[1]: Mounting Debug File System...
         Mounting Debug File System...
[    3.961392] systemd[1]: Starting Load Kernel Modules...
         Starting Load Kernel Modules...
[    3.962417] systemd[1]: Starting Nameserver information manager...
         Starting Nameserver information manager...
[    3.963937] systemd[1]: Mounting Huge Pages File System...
         Mounting Huge Pages File System...
[    3.965260] systemd[1]: Starting Set console keymap...
         Starting Set console keymap...
[    3.967495] systemd[1]: Starting Journal Service...
[    3.967681] Loading iSCSI transport class v2.0-870.
         Starting Journal Service...
[    3.969045] systemd[1]: Starting Uncomplicated firewall...
         Starting Uncomplicated firewall...
[    3.969876] systemd[1]: Started Forward Password Requests to Wall Directory Watch.
[[0;32m  OK  [0m] Started Forward Password Requests to Wall Directory Watch.
[    3.971084] systemd[1]: Created slice User and Session Slice.
[[0;32m  OK  [0m] Created slice User and Session Slice.
[    3.971903] systemd[1]: Reached target Slices.
[[0;32m  OK  [0m] Reached target Slices.
[    3.972992] systemd[1]: Listening on fsck to fsckd communication Socket.
[[0;32m  OK  [0m] Listening on fsck to fsckd communication Socket.
[    3.975064] systemd[1]: Starting File System Check on Root Device...
         Starting File System Check on Root Device...
[    3.977023] systemd[1]: Set up automount Arbitrary Executable File Formats File System Automount Point.
[[0;32m  OK  [0m] Set up automount Arbitrary Executab...ats File System Automount Point.
[    3.978790] iscsi: registered transport (tcp)
[    3.979257] systemd[1]: Reached target Encrypted Volumes.
[[0;32m  OK  [0m] Reached target Encrypted Volumes.
[    3.980014] systemd[1]: Reached target User and Group Name Lookups.
[[0;32m  OK  [0m] Reached target User and Group Name Lookups.
[    3.981119] systemd[1]: Starting Monitoring of LVM2 mirrors, snapshots etc. using dmeventd or progress polling...
         Starting Monitoring of LVM2 mirrors... dmeventd or progress polling...
[    3.982814] systemd[1]: Starting Create list of required static device nodes for the current kernel...
         Starting Create list of required st... nodes for the current kernel...
[    3.985277] systemd[1]: Mounting POSIX Message Queue File System...
         Mounting POSIX Message Queue File System...
[    3.986878] systemd[1]: Mounted Huge Pages File System.
[[0;32m  OK  [0m] Mounted Huge Pages File System.
[    3.987605] systemd[1]: Mounted Debug File System.
[[0;32m  OK  [0m] Mounted Debug File System.
[    3.988736] systemd[1]: Started Uncomplicated firewall.
[[0;32m  OK  [0m] Started Uncomplicated firewall.
[    3.991275] systemd[1]: Mounted POSIX Message Queue File System.
[[0;32m  OK  [0m] Mounted POSIX Message Queue File System.
[    3.992312] systemd[1]: Started Nameserver information manager.
[[0;32m  OK  [0m] Started Nameserver information manager.
[    3.994317] systemd[1]: Started Create list of required static device nodes for the current kernel.
[[0;32m  OK  [0m] Started Create list of required sta...ce nodes for the current kernel.
[    3.996108] systemd[1]: Started File System Check Daemon to report status.
[[0;32m  OK  [0m] Started File System Check Daemon to report status.
[    3.997286] systemd[1]: Starting Create Static Device Nodes in /dev...
         Starting Create Static Device Nodes in /dev...
[    4.002992] systemd[1]: Started Journal Service.
[[0;32m  OK  [0m] Started Journal Service.
[[0;32m  OK  [0m] Started File System Check on Root Device.
         Starting Remount Root and Kernel File Systems...
[[0;32m  OK  [0m] Started Set console keymap.
[    4.008925] EXT4-fs (sda1): re-mounted. Opts: (null)
[[0;32m  OK  [0m] Started Remount Root and Kernel File Systems.
[[0;32m  OK  [0m] Started LVM2 metadata daemon.
         Starting Load/Save Random Seed...
         Starting udev Coldplug all Devices...
         Starting Flush Journal to Persistent Storage...
[[0;32m  OK  [0m] Started Load/Save Random Seed.
[    4.023163] systemd-journald[389]: Received request to flush runtime journal from PID 1
[[0;32m  OK  [0m] Started Flush Journal to Persistent Storage.
[[0;32m  OK  [0m] Started Create Static Device Nodes in /dev.
         Starting udev Kernel Device Manager...
[    4.033338] iscsi: registered transport (iser)
[[0;32m  OK  [0m] Started Load Kernel Modules.
         Mounting FUSE Control File System...
         Starting Apply Kernel Variables...
[[0;32m  OK  [0m] Mounted FUSE Control File System.
[[0;32m  OK  [0m] Started udev Coldplug all Devices.
[[0;32m  OK  [0m] Started Apply Kernel Variables.
[[0;32m  OK  [0m] Started udev Kernel Device Manager.
[[0;32m  OK  [0m] Started Dispatch Password Requests to Console Directory Watch.
[[0;32m  OK  [0m] Found device /dev/ttyS0.
[[0;32m  OK  [0m] Listening on Load/Save RF Kill Switch Status /dev/rfkill Watch.
[[0;32m  OK  [0m] Started Monitoring of LVM2 mirrors,...ng dmeventd or progress polling.
[[0;32m  OK  [0m] Reached target Local File Systems (Pre).
[[0;32m  OK  [0m] Reached target Local File Systems.
         Starting Set console font and keymap...
         Starting LSB: AppArmor initialization...
         Starting Tell Plymouth To Write Out Runtime Data...
         Starting Create Volatile Files and Directories...
         Starting Initial cloud-init job (pre-networking)...
         Starting Commit a transient machine-id on disk...
[[0;32m  OK  [0m] Started Create Volatile Files and Directories.
         Starting Update UTMP about System Boot/Shutdown...
[[0;32m  OK  [0m] Started Update UTMP about System Boot/Shutdown.
[[0;32m  OK  [0m] Started Tell Plymouth To Write Out Runtime Data.
[[0;32m  OK  [0m] Started Commit a transient machine-id on disk.
[[0;32m  OK  [0m] Started Set console font and keymap.
[[0;32m  OK  [0m] Created slice system-getty.slice.
[[0;32m  OK  [0m] Started LSB: AppArmor initialization.
         Starting Load AppArmor profiles managed internally by snapd...
[[0;32m  OK  [0m] Started Load AppArmor profiles managed internally by snapd.
[    4.854256] cloud-init[633]: Cloud-init v. 21.1-19-gbad84ad4-0ubuntu1~16.04.2 running 'init-local' at Tue, 27 Jun 2023 23:50:30 +0000. Up 4.72 seconds.
[[0;32m  OK  [0m] Started Initial cloud-init job (pre-networking).
[[0;32m  OK  [0m] Reached target Network (Pre).
         Starting Raise network interfaces...
[[0;32m  OK  [0m] Started Raise network interfaces.
[[0;32m  OK  [0m] Reached target Network.
         Starting Initial cloud-init job (metadata service crawler)...
[    5.384171] cloud-init[963]: Cloud-init v. 21.1-19-gbad84ad4-0ubuntu1~16.04.2 running 'init' at Tue, 27 Jun 2023 23:50:31 +0000. Up 5.13 seconds.
[    5.384865] cloud-init[963]: ci-info: ++++++++++++++++++++++++++++++++++++++Net device info+++++++++++++++++++++++++++++++++++++++
[    5.385524] cloud-init[963]: ci-info: +--------+-------+----------------------------+---------------+--------+-------------------+
[    5.386150] cloud-init[963]: ci-info: | Device |   Up  |          Address           |      Mask     | Scope  |     Hw-Address    |
[    5.386749] cloud-init[963]: ci-info: +--------+-------+----------------------------+---------------+--------+-------------------+
[    5.387350] cloud-init[963]: ci-info: | enp0s3 |  True |         10.0.2.15          | 255.255.255.0 | global | 02:be:82:6b:cc:1d |
[    5.387985] cloud-init[963]: ci-info: | enp0s3 |  True | fe80::be:82ff:fe6b:cc1d/64 |       .       |  link  | 02:be:82:6b:cc:1d |
[    5.388618] cloud-init[963]: ci-info: | enp0s8 | False |             .              |       .       |   .    | 08:00:27:ba:66:d8 |
[    5.389217] cloud-init[963]: ci-info: |   lo   |  True |         127.0.0.1          |   255.0.0.0   |  host  |         .         |
[    5.389832] cloud-init[963]: ci-info: |   lo   |  True |          ::1/128           |       .       |  host  |         .         |
[    5.390466] cloud-init[963]: ci-info: +--------+-------+----------------------------+---------------+--------+-------------------+
[    5.391060] cloud-init[963]: ci-info: +++++++++++++++++++++++++++Route IPv4 info++++++++++++++++++++++++++++
[    5.391576] cloud-init[963]: ci-info: +-------+-------------+----------+---------------+-----------+-------+
[    5.392118] cloud-init[963]: ci-info: | Route | Destination | Gateway  |    Genmask    | Interface | Flags |
[    5.400205] cloud-init[963]: ci-info: +-------+-------------+----------+---------------+-----------+-------+
[    5.400754] cloud-init[963]: ci-info: |   0   |   0.0.0.0   | 10.0.2.2 |    0.0.0.0    |   enp0s3  |   UG  |
[    5.401285] cloud-init[963]: ci-info: |   1   |   10.0.2.0  | 0.0.0.0  | 255.255.255.0 |   enp0s3  |   U   |
[    5.401812] cloud-init[963]: ci-info: +-------+-------------+----------+---------------+-----------+-------+
[    5.402357] cloud-init[963]: ci-info: +++++++++++++++++++Route IPv6 info+++++++++++++++++++
[    5.402829] cloud-init[963]: ci-info: +-------+-------------+---------+-----------+-------+
[    5.403280] cloud-init[963]: ci-info: | Route | Destination | Gateway | Interface | Flags |
[    5.403753] cloud-init[963]: ci-info: +-------+-------------+---------+-----------+-------+
[    5.404217] cloud-init[963]: ci-info: |   0   |  fe80::/64  |    ::   |   enp0s3  |   U   |
[    5.404724] cloud-init[963]: ci-info: |   3   |   ff00::/8  |    ::   |   enp0s3  |   U   |
[    5.405184] cloud-init[963]: ci-info: +-------+-------------+---------+-----------+-------+
[    5.405651] cloud-init[963]: Generating public/private rsa key pair.
[    5.406072] cloud-init[963]: Your identification has been saved in /etc/ssh/ssh_host_rsa_key.
[    5.406563] cloud-init[963]: Your public key has been saved in /etc/ssh/ssh_host_rsa_key.pub.
[    5.407042] cloud-init[963]: The key fingerprint is:
[    5.407402] cloud-init[963]: SHA256:Lr8MemrswBBJ5t2hURmuMaJKHo5rMWzLoRgb1pAWZYQ root@ubuntu-xenial
[    5.407906] cloud-init[963]: The key's randomart image is:
[    5.408272] cloud-init[963]: +---[RSA 2048]----+
[    5.408605] cloud-init[963]: | o+=.+o          |
[    5.408940] cloud-init[963]: |+Eo =..          |
[    5.409287] cloud-init[963]: |ooo= o           |
[    5.409628] cloud-init[963]: |.=. +            |
[    5.409969] cloud-init[963]: |=oo.    S        |
[    5.410304] cloud-init[963]: |OX..   .         |
[    5.410664] cloud-init[963]: |O*B.  o .        |
[    5.411010] cloud-init[963]: |+= .o..=         |
[    5.411360] cloud-init[963]: |o  o+o  +.       |
[    5.411703] cloud-init[963]: +----[SHA256]-----+
[    5.416209] cloud-init[963]: Generating public/private dsa key pair.
[    5.416636] cloud-init[963]: Your identification has been saved in /etc/ssh/ssh_host_dsa_key.
[    5.417103] cloud-init[963]: Your public key has been saved in /etc/ssh/ssh_host_dsa_key.pub.
[[0;32m  OK  [0m] Started Initial cloud-init job (metadata service crawler).
[[0;32m  OK  [0m] Reached target Cloud-config availability.
[[0;32m  OK  [0m] Reached target System Initialization.
[    5.417860] cloud-init[963]: The key fingerprint is:
[    5.419206] cloud-init[963]: SHA256:AlFDNmMe+vvsVJStKfJLS/DQSuLowG1rhS8dmPsTV3s root@ubuntu-xenial
[    5.419678] cloud-init[963]: The key's randomart image is:
[    5.420017] cloud-init[963]: +---[DSA 1024]----+
[    5.420109] cloud-init[963]: |    .oX          |
[    5.420215] cloud-init[963]: |     * =   o     |
[    5.420334] cloud-init[963]: |    o .   o .    |
[    5.420426] cloud-init[963]: |     o . o o     |
[    5.420558] cloud-init[963]: |    = B S =      |
[    5.420611] cloud-init[963]: |. .* * @ + E     |
[    5.420712] cloud-init[963]: |...o* * * .      |
[    5.420767] cloud-init[963]: | o.+.+ * o       |
[    5.420864] cloud-init[963]: |  o.o...*        |
[    5.421003] cloud-init[963]: +----[SHA256]-----+
[    5.421094] cloud-init[963]: Generating public/private ecdsa key pair.
[    5.421188] cloud-init[963]: Your identification has been saved in /etc/ssh/ssh_host_ecdsa_key.
[    5.421329] cloud-init[963]: Your public key has been saved in /etc/ssh/ssh_host_ecdsa_key.pub.
[    5.421383] cloud-init[963]: The key fingerprint is:
[    5.421480] cloud-init[963]: SHA256:Z8kSt0Ep25qoteYPncfebyLSVrFZZxQMpJKDK32du8k root@ubuntu-xenial
[    5.421591] cloud-init[963]: The key's randomart image is:
[    5.421739] cloud-init[963]: +---[ECDSA 256]---+
[    5.421793] cloud-init[963]: |          ...oo..|
[    5.421881] cloud-init[963]: |        o.o .  ..|
[    5.421974] cloud-init[963]: |       ..Bo.   . |
[    5.422078] cloud-init[963]: |      . o+=+o . o|
[    5.422183] cloud-init[963]: |     . +S+*o = o |
[    5.422271] cloud-init[963]: |      +.+*  =    |
[    5.422332] cloud-init[963]: |     o..o.oo     |
[    5.422392] cloud-init[963]: |    . o..o=.+ .  |
[    5.422497] cloud-init[963]: |     o...o.E.+.  |
[    5.422647] cloud-init[963]: +----[SHA256]-----+
[    5.422700] cloud-init[963]: Generating public/private ed25519 key pair.
[    5.422791] cloud-init[963]: Your identification has been saved in /etc/ssh/ssh_host_ed25519_key.
[    5.422846] cloud-init[963]: Your public key has been saved in /etc/ssh/ssh_host_ed25519_key.pub.
[    5.422904] cloud-init[963]: The key fingerprint is:
[    5.423003] cloud-init[963]: SHA256:yO+7dzrbyqiy9esFS1DnLZQtYCBKu9E41pkIQ+0CHPY root@ubuntu-xenial
[    5.423051] cloud-init[963]: The key's randomart image is:
[    5.423192] cloud-init[963]: +--[ED25519 256]--+
[    5.423335] cloud-init[963]: |=++ . ..+.oo     |
[    5.423394] cloud-init[963]: |o=.O + o +o..    |
[    5.423485] cloud-init[963]: |. XE= .   o..    |
[    5.423532] cloud-init[963]: | o = . o   .     |
[    5.423637] cloud-init[963]: |  o   o S        |
[    5.423723] cloud-init[963]: |       o o       |
[    5.423830] cloud-init[963]: |      . o .      |
[    5.423931] cloud-init[963]: |    .. o +o..    |
[    5.424027] cloud-init[963]: |    .o.oO==*.    |
[    5.424113] cloud-init[963]: +----[SHA256]-----+
[[0;32m  OK  [0m] Started ACPI Events Check.
[[0;32m  OK  [0m] Reached target Paths.
         Starting Socket activation for snappy daemon.
[[0;32m  OK  [0m] Started Ubuntu Advantage update messaging.
[[0;32m  OK  [0m] Listening on UUID daemon activation socket.
[[0;32m  OK  [0m] Listening on ACPID Listen Socket.
[[0;32m  OK  [0m] Listening on D-Bus System Message Bus Socket.
[[0;32m  OK  [0m] Started Message of the Day.
[[0;32m  OK  [0m] Started Daily apt download activities.
[[0;32m  OK  [0m] Started Daily apt upgrade and clean activities.
         Starting LXD - unix socket.
[[0;32m  OK  [0m] Started Daily Cleanup of Temporary Directories.
[[0;32m  OK  [0m] Reached target Timers.
[[0;32m  OK  [0m] Reached target Network is Online.
         Starting iSCSI initiator daemon (iscsid)...
[[0;32m  OK  [0m] Listening on Socket activation for snappy daemon.
[[0;32m  OK  [0m] Listening on LXD - unix socket.
[[0;32m  OK  [0m] Reached target Sockets.
[[0;32m  OK  [0m] Reached target Basic System.
         Starting LXD - container startup/shutdown...
         Starting /etc/rc.local Compatibility...
         Starting Virtualbox guest utils...
[[0;32m  OK  [0m] Started Regular background program processing daemon.
         Starting LSB: Record successful boot for GRUB...
         Starting Login Service...
[[0;32m  OK  [0m] Started FUSE filesystem for LXC.
         Starting System Logging Service...
         Starting Accounts Service...
[[0;32m  OK  [0m] Started ACPI event daemon.
[[0;32m  OK  [0m] Started D-Bus System Message Bus.
[[0;32m  OK  [0m] Started Deferred execution scheduler.
         Starting LSB: MD monitoring daemon...
         Starting Pollinate to seed the pseudo random number generator...
         Starting Snap Daemon...
[[0;32m  OK  [0m] Started System Logging Service.
[[0;32m  OK  [0m] Started /etc/rc.local Compatibility.
[[0;32m  OK  [0m] Started iSCSI initiator daemon (iscsid).
[[0;32m  OK  [0m] Started Login Service.
[[0;32m  OK  [0m] Started Unattended Upgrades Shutdown.
         Starting Authenticate and Authorize Users to Run Privileged Tasks...
         Starting Login to default iSCSI targets...
[[0;32m  OK  [0m] Started LXD - container startup/shutdown.
[[0;32m  OK  [0m] Started LSB: Record successful boot for GRUB.
[[0;32m  OK  [0m] Started LSB: MD monitoring daemon.
[[0;32m  OK  [0m] Started Login to default iSCSI targets.
[[0;32m  OK  [0m] Reached target Remote File Systems (Pre).
[[0;32m  OK  [0m] Reached target Remote File Systems.
         Starting LSB: daemon to balance interrupts for SMP systems...
         Starting LSB: Set the CPU Frequency Scaling governor to "ondemand"...
         Starting Permit User Sessions...
         Starting LSB: automatic crash report generation...
[[0;32m  OK  [0m] Started Permit User Sessions.
         Starting Hold until boot process finishes up...
         Starting Terminate Plymouth Boot Screen...
[[0;32m  OK  [0m] Started Hold until boot process finishes up.
         Starting Set console scheme...
[[0;32m  OK  [0m] Started Serial Getty on ttyS0.
[[0;32m  OK  [0m] Started Getty on tty1.
[[0;32m  OK  [0m] Reached target Login Prompts.
[[0;32m  OK  [0m] Started LSB: Set the CPU Frequency Scaling governor to "ondemand".
[[0;32m  OK  [0m] Started Set console scheme.
[[0;32m  OK  [0m] Started Terminate Plymouth Boot Screen.
[[0;32m  OK  [0m] Started Authenticate and Authorize Users to Run Privileged Tasks.
[[0;32m  OK  [0m] Started Accounts Service.
[[0;32m  OK  [0m] Started LSB: automatic crash report generation.
[[0;32m  OK  [0m] Started LSB: daemon to balance interrupts for SMP systems.
[[0;32m  OK  [0m] Started Virtualbox guest utils.
[[0;32m  OK  [0m] Started Snap Daemon.
         Starting Wait until snapd is fully seeded...
[[0;32m  OK  [0m] Started Pollinate to seed the pseudo random number generator.
         Starting OpenBSD Secure Shell server...
[[0;32m  OK  [0m] Started OpenBSD Secure Shell server.
[[0;32m  OK  [0m] Started Wait until snapd is fully seeded.
[[0;32m  OK  [0m] Reached target Multi-User System.
[[0;32m  OK  [0m] Reached target Graphical Interface.
         Starting Update UTMP about System Runlevel Changes...
         Starting Apply the settings specified in cloud-config...
[[0;32m  OK  [0m] Started Update UTMP about System Runlevel Changes.
[    7.509592] cloud-init[1311]: Generating locales (this might take a while)...
[    7.834124] cloud-init[1311]:   en_US.UTF-8... done
[    7.834582] cloud-init[1311]: Generation complete.
[    7.977664] cloud-init[1311]: Cloud-init v. 21.1-19-gbad84ad4-0ubuntu1~16.04.2 running 'modules:config' at Tue, 27 Jun 2023 23:50:33 +0000. Up 7.44 seconds.
[[0;32m  OK  [0m] Started Apply the settings specified in cloud-config.
         Starting Execute cloud user/final scripts...
ci-info: no authorized SSH keys fingerprints found for user ubuntu.
<14>Jun 27 23:50:34 ec2: 
<14>Jun 27 23:50:34 ec2: #############################################################
<14>Jun 27 23:50:34 ec2: -----BEGIN SSH HOST KEY FINGERPRINTS-----
<14>Jun 27 23:50:34 ec2: 1024 SHA256:AlFDNmMe+vvsVJStKfJLS/DQSuLowG1rhS8dmPsTV3s root@ubuntu-xenial (DSA)
<14>Jun 27 23:50:34 ec2: 256 SHA256:Z8kSt0Ep25qoteYPncfebyLSVrFZZxQMpJKDK32du8k root@ubuntu-xenial (ECDSA)
<14>Jun 27 23:50:34 ec2: 256 SHA256:yO+7dzrbyqiy9esFS1DnLZQtYCBKu9E41pkIQ+0CHPY root@ubuntu-xenial (ED25519)
<14>Jun 27 23:50:34 ec2: 2048 SHA256:Lr8MemrswBBJ5t2hURmuMaJKHo5rMWzLoRgb1pAWZYQ root@ubuntu-xenial (RSA)
<14>Jun 27 23:50:34 ec2: -----END SSH HOST KEY FINGERPRINTS-----
<14>Jun 27 23:50:34 ec2: #############################################################
-----BEGIN SSH HOST KEY KEYS-----
ecdsa-sha2-nistp256 AAAAE2VjZHNhLXNoYTItbmlzdHAyNTYAAAAIbmlzdHAyNTYAAABBBJcV2u2DwVVoh3IZF6z5cs2DklWAdsKamMWcFDCpq/Q8L+E4ODmhTA6E0TxKe5bWNEYt7Hn+aTR1VO2Sr2LHBD8= root@ubuntu-xenial
ssh-ed25519 AAAAC3NzaC1lZDI1NTE5AAAAIFC+vjqcAjsVWT9xPGlnKBEdJQs0xnWCapFglTxvVCwl root@ubuntu-xenial
ssh-rsa AAAAB3NzaC1yc2EAAAADAQABAAABAQDaJHFjC/2dgI08hrq+YlTnCpZIiJDemDJdSnWrrmxozk7rmsPspRLUEDhC/zFaWu7HiEV2WFuzjJTCdooch0nCsWRsu7C4CE0BfFUrK/gzIk0k9R6NhYPUW0ZRGp/0umkLO3RR/ylbeJPnsX5dj5pZHQPifNzEIr2jvO+y/qeWUxAax/orFjyZg2ik+tnL1BlXZXjaFM7WKA0fkEm8cQtUNi0gPJ+61OYYesRET1pFeBy25KWwUBi2WEpk36Sq08dJNiOTZE02IVlTKY0npyG2WkieYzQs4cxCVMMJxpjxv90fHROzpsdFa02pkt3858hIHAweFt8HXPpd+10o3+zn root@ubuntu-xenial
-----END SSH HOST KEY KEYS-----
[    8.203593] cloud-init[1352]: Cloud-init v. 21.1-19-gbad84ad4-0ubuntu1~16.04.2 running 'modules:final' at Tue, 27 Jun 2023 23:50:34 +0000. Up 8.14 seconds.
[    8.204238] cloud-init[1352]: ci-info: no authorized SSH keys fingerprints found for user ubuntu.
[    8.204671] cloud-init[1352]: Cloud-init v. 21.1-19-gbad84ad4-0ubuntu1~16.04.2 finished at Tue, 27 Jun 2023 23:50:34 +0000. Datasource DataSourceNoCloud [seed=/dev/sdb][dsmode=net].  Up 8.20 seconds
[[0;32m  OK  [0m] Started Execute cloud user/final scripts.
[[0;32m  OK  [0m] Reached target Cloud-init target.

Ubuntu 16.04.7 LTS ubuntu-xenial ttyS0

ubuntu-xenial login: 